2025-08-29 11:23:47.524 | INFO     | data_layer.tab_1:get_tab1_results:12 - Starting database connection and query execution
2025-08-29 11:23:47.550 | INFO     | data_layer.tab_1:get_tab1_results:16 - Successfully connected to database: ExcelData on server: 192.168.0.45,1433
2025-08-29 11:23:47.550 | INFO     | data_layer.tab_1:get_tab1_results:27 - Executing query: q1
2025-08-29 11:24:02.643 | ERROR    | data_layer.tab_1:get_tab1_results:34 - Error executing query q1: <class 'pyodbc.Error'> returned a result with an exception set
2025-08-29 11:24:02.646 | INFO     | data_layer.tab_1:get_tab1_results:27 - Executing query: q2
2025-08-29 11:24:17.451 | INFO     | data_layer.tab_1:get_tab1_results:12 - Starting database connection and query execution
2025-08-29 11:24:17.464 | INFO     | data_layer.tab_1:get_tab1_results:16 - Successfully connected to database: ExcelData on server: 192.168.0.45,1433
2025-08-29 11:24:17.464 | INFO     | data_layer.tab_1:get_tab1_results:27 - Executing query: q1
2025-08-29 11:24:32.635 | ERROR    | data_layer.tab_1:get_tab1_results:34 - Error executing query q1: (pyodbc.OperationalError) ('HYT00', '[HYT00] [Microsoft][ODBC Driver 17 for SQL Server]Login timeout expired (0) (SQLDriverConnect)')
(Background on this error at: https://sqlalche.me/e/20/e3q8)
2025-08-29 11:24:32.638 | INFO     | data_layer.tab_1:get_tab1_results:27 - Executing query: q2
2025-08-29 11:24:48.669 | ERROR    | data_layer.tab_1:get_tab1_results:34 - Error executing query q2: (pyodbc.OperationalError) ('HYT00', '[HYT00] [Microsoft][ODBC Driver 17 for SQL Server]Login timeout expired (0) (SQLDriverConnect)')
(Background on this error at: https://sqlalche.me/e/20/e3q8)
2025-08-29 11:24:48.672 | INFO     | data_layer.tab_1:get_tab1_results:27 - Executing query: q3
2025-08-29 11:29:09.078 | INFO     | data_layer.tab_1:get_tab1_results:12 - Starting database connection and query execution
2025-08-29 11:29:09.092 | INFO     | data_layer.tab_1:get_tab1_results:16 - Successfully connected to database: ExcelData on server: 192.168.1.112,1433
2025-08-29 11:29:09.092 | INFO     | data_layer.tab_1:get_tab1_results:27 - Executing query: q1
2025-08-29 11:29:24.264 | ERROR    | data_layer.tab_1:get_tab1_results:34 - Error executing query q1: (pyodbc.OperationalError) ('HYT00', '[HYT00] [Microsoft][ODBC Driver 17 for SQL Server]Login timeout expired (0) (SQLDriverConnect)')
(Background on this error at: https://sqlalche.me/e/20/e3q8)
2025-08-29 11:29:24.266 | INFO     | data_layer.tab_1:get_tab1_results:27 - Executing query: q2
2025-08-29 11:30:41.544 | INFO     | data_layer.tab_1:get_tab1_results:12 - Starting database connection and query execution
2025-08-29 11:30:41.558 | INFO     | data_layer.tab_1:get_tab1_results:16 - Successfully connected to database: ExcelData on server: 192.168.1.112,1433
2025-08-29 11:30:41.558 | INFO     | data_layer.tab_1:get_tab1_results:27 - Executing query: q1
2025-08-29 11:30:56.734 | ERROR    | data_layer.tab_1:get_tab1_results:34 - Error executing query q1: (pyodbc.OperationalError) ('HYT00', '[HYT00] [Microsoft][ODBC Driver 17 for SQL Server]Login timeout expired (0) (SQLDriverConnect)')
(Background on this error at: https://sqlalche.me/e/20/e3q8)
2025-08-29 11:30:56.737 | INFO     | data_layer.tab_1:get_tab1_results:27 - Executing query: q2
2025-08-29 11:31:17.378 | INFO     | data_layer.tab_1:get_tab1_results:12 - Starting database connection and query execution
2025-08-29 11:31:17.391 | INFO     | data_layer.tab_1:get_tab1_results:16 - Successfully connected to database: ExcelData on server: 192.168.0.45,1433
2025-08-29 11:31:17.391 | INFO     | data_layer.tab_1:get_tab1_results:27 - Executing query: q1
2025-08-29 11:31:18.116 | SUCCESS  | data_layer.tab_1:get_tab1_results:31 - Query q1 executed successfully. Rows returned: 5
2025-08-29 11:31:18.116 | INFO     | data_layer.tab_1:get_tab1_results:27 - Executing query: q2
2025-08-29 11:31:18.252 | SUCCESS  | data_layer.tab_1:get_tab1_results:31 - Query q2 executed successfully. Rows returned: 18
2025-08-29 11:31:18.253 | INFO     | data_layer.tab_1:get_tab1_results:27 - Executing query: q3
2025-08-29 11:31:18.396 | SUCCESS  | data_layer.tab_1:get_tab1_results:31 - Query q3 executed successfully. Rows returned: 55
2025-08-29 11:31:18.396 | INFO     | data_layer.tab_1:get_tab1_results:27 - Executing query: q4
2025-08-29 11:31:18.529 | SUCCESS  | data_layer.tab_1:get_tab1_results:31 - Query q4 executed successfully. Rows returned: 68
2025-08-29 11:31:18.529 | INFO     | data_layer.tab_1:get_tab1_results:27 - Executing query: q5
2025-08-29 11:31:18.664 | SUCCESS  | data_layer.tab_1:get_tab1_results:31 - Query q5 executed successfully. Rows returned: 34
2025-08-29 11:31:18.664 | INFO     | data_layer.tab_1:get_tab1_results:38 - Query execution completed. Successful: 5, Failed: 0
2025-08-29 11:31:18.665 | INFO     | data_layer.tab_1:get_tab1_results:43 - Database connection closed successfully
2025-08-29 11:31:21.531 | INFO     | data_layer.tab_1:get_tab1_results:12 - Starting database connection and query execution
2025-08-29 11:31:21.540 | INFO     | data_layer.tab_1:get_tab1_results:16 - Successfully connected to database: ExcelData on server: 192.168.0.45,1433
2025-08-29 11:31:21.540 | INFO     | data_layer.tab_1:get_tab1_results:27 - Executing query: q1
2025-08-29 11:31:22.068 | SUCCESS  | data_layer.tab_1:get_tab1_results:31 - Query q1 executed successfully. Rows returned: 5
2025-08-29 11:31:22.069 | INFO     | data_layer.tab_1:get_tab1_results:27 - Executing query: q2
2025-08-29 11:31:22.175 | SUCCESS  | data_layer.tab_1:get_tab1_results:31 - Query q2 executed successfully. Rows returned: 18
2025-08-29 11:31:22.176 | INFO     | data_layer.tab_1:get_tab1_results:27 - Executing query: q3
2025-08-29 11:31:22.304 | SUCCESS  | data_layer.tab_1:get_tab1_results:31 - Query q3 executed successfully. Rows returned: 55
2025-08-29 11:31:22.304 | INFO     | data_layer.tab_1:get_tab1_results:27 - Executing query: q4
2025-08-29 11:31:22.437 | SUCCESS  | data_layer.tab_1:get_tab1_results:31 - Query q4 executed successfully. Rows returned: 68
2025-08-29 11:31:22.438 | INFO     | data_layer.tab_1:get_tab1_results:27 - Executing query: q5
2025-08-29 11:31:22.510 | SUCCESS  | data_layer.tab_1:get_tab1_results:31 - Query q5 executed successfully. Rows returned: 34
2025-08-29 11:31:22.511 | INFO     | data_layer.tab_1:get_tab1_results:38 - Query execution completed. Successful: 5, Failed: 0
2025-08-29 11:31:22.512 | INFO     | data_layer.tab_1:get_tab1_results:43 - Database connection closed successfully
2025-08-29 14:59:15.031 | INFO     | data_layer.tab_1:get_tab1_results:12 - Starting database connection and query execution
2025-08-29 14:59:15.047 | INFO     | data_layer.tab_1:get_tab1_results:16 - Successfully connected to database: ExcelData on server: 192.168.0.45,1433
2025-08-29 14:59:15.047 | INFO     | data_layer.tab_1:get_tab1_results:27 - Executing query: q1
2025-08-29 14:59:15.926 | SUCCESS  | data_layer.tab_1:get_tab1_results:31 - Query q1 executed successfully. Rows returned: 5
2025-08-29 14:59:15.927 | INFO     | data_layer.tab_1:get_tab1_results:27 - Executing query: q2
2025-08-29 14:59:16.017 | SUCCESS  | data_layer.tab_1:get_tab1_results:31 - Query q2 executed successfully. Rows returned: 18
2025-08-29 14:59:16.017 | INFO     | data_layer.tab_1:get_tab1_results:27 - Executing query: q3
2025-08-29 14:59:16.086 | SUCCESS  | data_layer.tab_1:get_tab1_results:31 - Query q3 executed successfully. Rows returned: 55
2025-08-29 14:59:16.086 | INFO     | data_layer.tab_1:get_tab1_results:27 - Executing query: q4
2025-08-29 14:59:16.167 | SUCCESS  | data_layer.tab_1:get_tab1_results:31 - Query q4 executed successfully. Rows returned: 68
2025-08-29 14:59:16.167 | INFO     | data_layer.tab_1:get_tab1_results:27 - Executing query: q5
2025-08-29 14:59:16.226 | SUCCESS  | data_layer.tab_1:get_tab1_results:31 - Query q5 executed successfully. Rows returned: 34
2025-08-29 14:59:16.226 | INFO     | data_layer.tab_1:get_tab1_results:38 - Query execution completed. Successful: 5, Failed: 0
2025-08-29 14:59:16.228 | INFO     | data_layer.tab_1:get_tab1_results:43 - Database connection closed successfully
2025-08-29 14:59:18.617 | INFO     | data_layer.tab_1:get_tab1_results:12 - Starting database connection and query execution
2025-08-29 14:59:18.625 | INFO     | data_layer.tab_1:get_tab1_results:16 - Successfully connected to database: ExcelData on server: 192.168.0.45,1433
2025-08-29 14:59:18.625 | INFO     | data_layer.tab_1:get_tab1_results:27 - Executing query: q1
2025-08-29 14:59:19.249 | SUCCESS  | data_layer.tab_1:get_tab1_results:31 - Query q1 executed successfully. Rows returned: 5
2025-08-29 14:59:19.249 | INFO     | data_layer.tab_1:get_tab1_results:27 - Executing query: q2
2025-08-29 14:59:19.324 | SUCCESS  | data_layer.tab_1:get_tab1_results:31 - Query q2 executed successfully. Rows returned: 18
2025-08-29 14:59:19.324 | INFO     | data_layer.tab_1:get_tab1_results:27 - Executing query: q3
2025-08-29 14:59:19.389 | SUCCESS  | data_layer.tab_1:get_tab1_results:31 - Query q3 executed successfully. Rows returned: 55
2025-08-29 14:59:19.390 | INFO     | data_layer.tab_1:get_tab1_results:27 - Executing query: q4
2025-08-29 14:59:19.470 | SUCCESS  | data_layer.tab_1:get_tab1_results:31 - Query q4 executed successfully. Rows returned: 68
2025-08-29 14:59:19.470 | INFO     | data_layer.tab_1:get_tab1_results:27 - Executing query: q5
2025-08-29 14:59:19.534 | SUCCESS  | data_layer.tab_1:get_tab1_results:31 - Query q5 executed successfully. Rows returned: 34
2025-08-29 14:59:19.534 | INFO     | data_layer.tab_1:get_tab1_results:38 - Query execution completed. Successful: 5, Failed: 0
2025-08-29 14:59:19.535 | INFO     | data_layer.tab_1:get_tab1_results:43 - Database connection closed successfully
2025-08-29 15:47:55.373 | INFO     | data_layer.tab_1:get_tab1_results:12 - Starting database connection and query execution
2025-08-29 15:47:55.389 | INFO     | data_layer.tab_1:get_tab1_results:16 - Successfully connected to database: ExcelData on server: 192.168.0.45,1433
2025-08-29 15:47:55.389 | INFO     | data_layer.tab_1:get_tab1_results:27 - Executing query: q1
2025-08-29 15:47:56.373 | SUCCESS  | data_layer.tab_1:get_tab1_results:31 - Query q1 executed successfully. Rows returned: 5
2025-08-29 15:47:56.373 | INFO     | data_layer.tab_1:get_tab1_results:27 - Executing query: q2
2025-08-29 15:47:56.463 | SUCCESS  | data_layer.tab_1:get_tab1_results:31 - Query q2 executed successfully. Rows returned: 18
2025-08-29 15:47:56.463 | INFO     | data_layer.tab_1:get_tab1_results:27 - Executing query: q3
2025-08-29 15:47:56.536 | SUCCESS  | data_layer.tab_1:get_tab1_results:31 - Query q3 executed successfully. Rows returned: 55
2025-08-29 15:47:56.536 | INFO     | data_layer.tab_1:get_tab1_results:27 - Executing query: q4
2025-08-29 15:47:56.618 | SUCCESS  | data_layer.tab_1:get_tab1_results:31 - Query q4 executed successfully. Rows returned: 68
2025-08-29 15:47:56.619 | INFO     | data_layer.tab_1:get_tab1_results:27 - Executing query: q5
2025-08-29 15:47:56.825 | SUCCESS  | data_layer.tab_1:get_tab1_results:31 - Query q5 executed successfully. Rows returned: 34
2025-08-29 15:47:56.826 | INFO     | data_layer.tab_1:get_tab1_results:38 - Query execution completed. Successful: 5, Failed: 0
2025-08-29 15:47:56.827 | INFO     | data_layer.tab_1:get_tab1_results:43 - Database connection closed successfully
2025-08-29 15:48:00.565 | INFO     | data_layer.tab_1:get_tab1_results:12 - Starting database connection and query execution
2025-08-29 15:48:00.577 | INFO     | data_layer.tab_1:get_tab1_results:16 - Successfully connected to database: ExcelData on server: 192.168.0.45,1433
2025-08-29 15:48:00.577 | INFO     | data_layer.tab_1:get_tab1_results:27 - Executing query: q1
2025-08-29 15:48:01.567 | SUCCESS  | data_layer.tab_1:get_tab1_results:31 - Query q1 executed successfully. Rows returned: 5
2025-08-29 15:48:01.568 | INFO     | data_layer.tab_1:get_tab1_results:27 - Executing query: q2
2025-08-29 15:48:01.709 | SUCCESS  | data_layer.tab_1:get_tab1_results:31 - Query q2 executed successfully. Rows returned: 18
2025-08-29 15:48:01.709 | INFO     | data_layer.tab_1:get_tab1_results:27 - Executing query: q3
2025-08-29 15:48:01.808 | SUCCESS  | data_layer.tab_1:get_tab1_results:31 - Query q3 executed successfully. Rows returned: 55
2025-08-29 15:48:01.808 | INFO     | data_layer.tab_1:get_tab1_results:27 - Executing query: q4
2025-08-29 15:48:01.898 | SUCCESS  | data_layer.tab_1:get_tab1_results:31 - Query q4 executed successfully. Rows returned: 68
2025-08-29 15:48:01.898 | INFO     | data_layer.tab_1:get_tab1_results:27 - Executing query: q5
2025-08-29 15:48:01.961 | SUCCESS  | data_layer.tab_1:get_tab1_results:31 - Query q5 executed successfully. Rows returned: 34
2025-08-29 15:48:01.961 | INFO     | data_layer.tab_1:get_tab1_results:38 - Query execution completed. Successful: 5, Failed: 0
2025-08-29 15:48:01.962 | INFO     | data_layer.tab_1:get_tab1_results:43 - Database connection closed successfully
