2025-08-27 17:29:13.060 | INFO     | data_layer.tab_1:get_tab1_results:13 - Starting database connection and query execution
2025-08-27 17:29:13.071 | INFO     | data_layer.tab_1:get_tab1_results:17 - Successfully connected to database: ExcelData on server: 192.168.0.45,1433
2025-08-27 17:29:13.071 | INFO     | data_layer.tab_1:get_tab1_results:28 - Executing query: q1
2025-08-27 17:29:13.884 | SUCCESS  | data_layer.tab_1:get_tab1_results:32 - Query q1 executed successfully. Rows returned: 5
2025-08-27 17:29:13.885 | INFO     | data_layer.tab_1:get_tab1_results:28 - Executing query: q2
2025-08-27 17:29:13.952 | SUCCESS  | data_layer.tab_1:get_tab1_results:32 - Query q2 executed successfully. Rows returned: 18
2025-08-27 17:29:13.952 | INFO     | data_layer.tab_1:get_tab1_results:28 - Executing query: q3
2025-08-27 17:29:14.022 | SUCCESS  | data_layer.tab_1:get_tab1_results:32 - Query q3 executed successfully. Rows returned: 55
2025-08-27 17:29:14.023 | INFO     | data_layer.tab_1:get_tab1_results:28 - Executing query: q4
2025-08-27 17:29:14.122 | SUCCESS  | data_layer.tab_1:get_tab1_results:32 - Query q4 executed successfully. Rows returned: 68
2025-08-27 17:29:14.122 | INFO     | data_layer.tab_1:get_tab1_results:28 - Executing query: q5
2025-08-27 17:29:14.219 | SUCCESS  | data_layer.tab_1:get_tab1_results:32 - Query q5 executed successfully. Rows returned: 34
2025-08-27 17:29:14.219 | INFO     | data_layer.tab_1:get_tab1_results:39 - Query execution completed. Successful: 5, Failed: 0
2025-08-27 17:29:14.220 | INFO     | data_layer.tab_1:get_tab1_results:44 - Database connection closed successfully
2025-08-27 17:29:56.596 | INFO     | data_layer.tab_1:get_tab1_results:13 - Starting database connection and query execution
2025-08-27 17:29:56.608 | INFO     | data_layer.tab_1:get_tab1_results:17 - Successfully connected to database: ExcelData on server: 192.168.0.45,1433
2025-08-27 17:29:56.608 | INFO     | data_layer.tab_1:get_tab1_results:28 - Executing query: q1
2025-08-27 17:29:57.349 | SUCCESS  | data_layer.tab_1:get_tab1_results:32 - Query q1 executed successfully. Rows returned: 5
2025-08-27 17:29:57.350 | INFO     | data_layer.tab_1:get_tab1_results:28 - Executing query: q2
2025-08-27 17:29:57.424 | SUCCESS  | data_layer.tab_1:get_tab1_results:32 - Query q2 executed successfully. Rows returned: 18
2025-08-27 17:29:57.425 | INFO     | data_layer.tab_1:get_tab1_results:28 - Executing query: q3
2025-08-27 17:29:57.497 | SUCCESS  | data_layer.tab_1:get_tab1_results:32 - Query q3 executed successfully. Rows returned: 55
2025-08-27 17:29:57.498 | INFO     | data_layer.tab_1:get_tab1_results:28 - Executing query: q4
2025-08-27 17:29:57.582 | SUCCESS  | data_layer.tab_1:get_tab1_results:32 - Query q4 executed successfully. Rows returned: 68
2025-08-27 17:29:57.583 | INFO     | data_layer.tab_1:get_tab1_results:28 - Executing query: q5
2025-08-27 17:29:57.665 | SUCCESS  | data_layer.tab_1:get_tab1_results:32 - Query q5 executed successfully. Rows returned: 34
2025-08-27 17:29:57.665 | INFO     | data_layer.tab_1:get_tab1_results:39 - Query execution completed. Successful: 5, Failed: 0
2025-08-27 17:29:57.666 | INFO     | data_layer.tab_1:get_tab1_results:44 - Database connection closed successfully
2025-08-27 17:30:18.647 | INFO     | data_layer.tab_1:get_tab1_results:12 - Starting database connection and query execution
2025-08-27 17:30:18.659 | INFO     | data_layer.tab_1:get_tab1_results:16 - Successfully connected to database: ExcelData on server: 192.168.0.45,1433
2025-08-27 17:30:18.659 | INFO     | data_layer.tab_1:get_tab1_results:27 - Executing query: q1
2025-08-27 17:30:19.546 | SUCCESS  | data_layer.tab_1:get_tab1_results:31 - Query q1 executed successfully. Rows returned: 5
2025-08-27 17:30:19.546 | INFO     | data_layer.tab_1:get_tab1_results:27 - Executing query: q2
2025-08-27 17:30:19.613 | SUCCESS  | data_layer.tab_1:get_tab1_results:31 - Query q2 executed successfully. Rows returned: 18
2025-08-27 17:30:19.613 | INFO     | data_layer.tab_1:get_tab1_results:27 - Executing query: q3
2025-08-27 17:30:19.682 | SUCCESS  | data_layer.tab_1:get_tab1_results:31 - Query q3 executed successfully. Rows returned: 55
2025-08-27 17:30:19.682 | INFO     | data_layer.tab_1:get_tab1_results:27 - Executing query: q4
2025-08-27 17:30:19.777 | SUCCESS  | data_layer.tab_1:get_tab1_results:31 - Query q4 executed successfully. Rows returned: 68
2025-08-27 17:30:19.777 | INFO     | data_layer.tab_1:get_tab1_results:27 - Executing query: q5
2025-08-27 17:30:19.851 | SUCCESS  | data_layer.tab_1:get_tab1_results:31 - Query q5 executed successfully. Rows returned: 34
2025-08-27 17:30:19.851 | INFO     | data_layer.tab_1:get_tab1_results:38 - Query execution completed. Successful: 5, Failed: 0
2025-08-27 17:30:19.852 | INFO     | data_layer.tab_1:get_tab1_results:43 - Database connection closed successfully
2025-08-27 17:30:23.716 | INFO     | data_layer.tab_1:get_tab1_results:12 - Starting database connection and query execution
2025-08-27 17:30:23.724 | INFO     | data_layer.tab_1:get_tab1_results:16 - Successfully connected to database: ExcelData on server: 192.168.0.45,1433
2025-08-27 17:30:23.725 | INFO     | data_layer.tab_1:get_tab1_results:27 - Executing query: q1
2025-08-27 17:30:24.408 | SUCCESS  | data_layer.tab_1:get_tab1_results:31 - Query q1 executed successfully. Rows returned: 5
2025-08-27 17:30:24.409 | INFO     | data_layer.tab_1:get_tab1_results:27 - Executing query: q2
2025-08-27 17:30:24.497 | SUCCESS  | data_layer.tab_1:get_tab1_results:31 - Query q2 executed successfully. Rows returned: 18
2025-08-27 17:30:24.498 | INFO     | data_layer.tab_1:get_tab1_results:27 - Executing query: q3
2025-08-27 17:30:24.576 | SUCCESS  | data_layer.tab_1:get_tab1_results:31 - Query q3 executed successfully. Rows returned: 55
2025-08-27 17:30:24.578 | INFO     | data_layer.tab_1:get_tab1_results:27 - Executing query: q4
2025-08-27 17:30:24.662 | SUCCESS  | data_layer.tab_1:get_tab1_results:31 - Query q4 executed successfully. Rows returned: 68
2025-08-27 17:30:24.662 | INFO     | data_layer.tab_1:get_tab1_results:27 - Executing query: q5
2025-08-27 17:30:24.714 | SUCCESS  | data_layer.tab_1:get_tab1_results:31 - Query q5 executed successfully. Rows returned: 34
2025-08-27 17:30:24.714 | INFO     | data_layer.tab_1:get_tab1_results:38 - Query execution completed. Successful: 5, Failed: 0
2025-08-27 17:30:24.714 | INFO     | data_layer.tab_1:get_tab1_results:43 - Database connection closed successfully
2025-08-27 17:31:10.122 | INFO     | data_layer.tab_1:get_tab1_results:12 - Starting database connection and query execution
2025-08-27 17:31:10.134 | INFO     | data_layer.tab_1:get_tab1_results:16 - Successfully connected to database: ExcelData on server: 192.168.0.45,1433
2025-08-27 17:31:10.134 | INFO     | data_layer.tab_1:get_tab1_results:27 - Executing query: q1
2025-08-27 17:31:10.778 | SUCCESS  | data_layer.tab_1:get_tab1_results:31 - Query q1 executed successfully. Rows returned: 5
2025-08-27 17:31:10.778 | INFO     | data_layer.tab_1:get_tab1_results:27 - Executing query: q2
2025-08-27 17:31:10.845 | SUCCESS  | data_layer.tab_1:get_tab1_results:31 - Query q2 executed successfully. Rows returned: 18
2025-08-27 17:31:10.845 | INFO     | data_layer.tab_1:get_tab1_results:27 - Executing query: q3
2025-08-27 17:31:10.922 | SUCCESS  | data_layer.tab_1:get_tab1_results:31 - Query q3 executed successfully. Rows returned: 55
2025-08-27 17:31:10.923 | INFO     | data_layer.tab_1:get_tab1_results:27 - Executing query: q4
2025-08-27 17:31:11.017 | SUCCESS  | data_layer.tab_1:get_tab1_results:31 - Query q4 executed successfully. Rows returned: 68
2025-08-27 17:31:11.018 | INFO     | data_layer.tab_1:get_tab1_results:27 - Executing query: q5
2025-08-27 17:31:11.086 | SUCCESS  | data_layer.tab_1:get_tab1_results:31 - Query q5 executed successfully. Rows returned: 34
2025-08-27 17:31:11.086 | INFO     | data_layer.tab_1:get_tab1_results:38 - Query execution completed. Successful: 5, Failed: 0
2025-08-27 17:31:11.086 | INFO     | data_layer.tab_1:get_tab1_results:43 - Database connection closed successfully
2025-08-27 17:31:12.439 | INFO     | data_layer.tab_1:get_tab1_results:12 - Starting database connection and query execution
2025-08-27 17:31:12.447 | INFO     | data_layer.tab_1:get_tab1_results:16 - Successfully connected to database: ExcelData on server: 192.168.0.45,1433
2025-08-27 17:31:12.447 | INFO     | data_layer.tab_1:get_tab1_results:27 - Executing query: q1
2025-08-27 17:31:13.081 | SUCCESS  | data_layer.tab_1:get_tab1_results:31 - Query q1 executed successfully. Rows returned: 5
2025-08-27 17:31:13.082 | INFO     | data_layer.tab_1:get_tab1_results:27 - Executing query: q2
2025-08-27 17:31:13.150 | SUCCESS  | data_layer.tab_1:get_tab1_results:31 - Query q2 executed successfully. Rows returned: 18
2025-08-27 17:31:13.151 | INFO     | data_layer.tab_1:get_tab1_results:27 - Executing query: q3
2025-08-27 17:31:13.256 | SUCCESS  | data_layer.tab_1:get_tab1_results:31 - Query q3 executed successfully. Rows returned: 55
2025-08-27 17:31:13.256 | INFO     | data_layer.tab_1:get_tab1_results:27 - Executing query: q4
2025-08-27 17:31:13.343 | SUCCESS  | data_layer.tab_1:get_tab1_results:31 - Query q4 executed successfully. Rows returned: 68
2025-08-27 17:31:13.344 | INFO     | data_layer.tab_1:get_tab1_results:27 - Executing query: q5
2025-08-27 17:31:13.419 | SUCCESS  | data_layer.tab_1:get_tab1_results:31 - Query q5 executed successfully. Rows returned: 34
2025-08-27 17:31:13.419 | INFO     | data_layer.tab_1:get_tab1_results:38 - Query execution completed. Successful: 5, Failed: 0
2025-08-27 17:31:13.420 | INFO     | data_layer.tab_1:get_tab1_results:43 - Database connection closed successfully
2025-08-27 17:53:47.837 | INFO     | data_layer.tab_1:get_tab1_results:12 - Starting database connection and query execution
2025-08-27 17:53:47.851 | INFO     | data_layer.tab_1:get_tab1_results:16 - Successfully connected to database: ExcelData on server: 192.168.0.45,1433
2025-08-27 17:53:47.851 | INFO     | data_layer.tab_1:get_tab1_results:27 - Executing query: q1
2025-08-27 17:53:48.850 | SUCCESS  | data_layer.tab_1:get_tab1_results:31 - Query q1 executed successfully. Rows returned: 5
2025-08-27 17:53:48.850 | INFO     | data_layer.tab_1:get_tab1_results:27 - Executing query: q2
2025-08-27 17:53:48.966 | SUCCESS  | data_layer.tab_1:get_tab1_results:31 - Query q2 executed successfully. Rows returned: 18
2025-08-27 17:53:48.966 | INFO     | data_layer.tab_1:get_tab1_results:27 - Executing query: q3
2025-08-27 17:53:49.049 | SUCCESS  | data_layer.tab_1:get_tab1_results:31 - Query q3 executed successfully. Rows returned: 55
2025-08-27 17:53:49.050 | INFO     | data_layer.tab_1:get_tab1_results:27 - Executing query: q4
2025-08-27 17:53:49.143 | SUCCESS  | data_layer.tab_1:get_tab1_results:31 - Query q4 executed successfully. Rows returned: 68
2025-08-27 17:53:49.143 | INFO     | data_layer.tab_1:get_tab1_results:27 - Executing query: q5
2025-08-27 17:53:49.214 | SUCCESS  | data_layer.tab_1:get_tab1_results:31 - Query q5 executed successfully. Rows returned: 34
2025-08-27 17:53:49.214 | INFO     | data_layer.tab_1:get_tab1_results:38 - Query execution completed. Successful: 5, Failed: 0
2025-08-27 17:53:49.216 | INFO     | data_layer.tab_1:get_tab1_results:43 - Database connection closed successfully
2025-08-27 17:54:08.117 | INFO     | data_layer.tab_1:get_tab1_results:12 - Starting database connection and query execution
2025-08-27 17:54:08.128 | INFO     | data_layer.tab_1:get_tab1_results:16 - Successfully connected to database: ExcelData on server: 192.168.0.45,1433
2025-08-27 17:54:08.128 | INFO     | data_layer.tab_1:get_tab1_results:27 - Executing query: q1
2025-08-27 17:54:08.923 | SUCCESS  | data_layer.tab_1:get_tab1_results:31 - Query q1 executed successfully. Rows returned: 5
2025-08-27 17:54:08.924 | INFO     | data_layer.tab_1:get_tab1_results:27 - Executing query: q2
2025-08-27 17:54:08.998 | SUCCESS  | data_layer.tab_1:get_tab1_results:31 - Query q2 executed successfully. Rows returned: 18
2025-08-27 17:54:08.999 | INFO     | data_layer.tab_1:get_tab1_results:27 - Executing query: q3
2025-08-27 17:54:09.073 | SUCCESS  | data_layer.tab_1:get_tab1_results:31 - Query q3 executed successfully. Rows returned: 55
2025-08-27 17:54:09.073 | INFO     | data_layer.tab_1:get_tab1_results:27 - Executing query: q4
2025-08-27 17:54:09.157 | SUCCESS  | data_layer.tab_1:get_tab1_results:31 - Query q4 executed successfully. Rows returned: 68
2025-08-27 17:54:09.158 | INFO     | data_layer.tab_1:get_tab1_results:27 - Executing query: q5
2025-08-27 17:54:09.218 | SUCCESS  | data_layer.tab_1:get_tab1_results:31 - Query q5 executed successfully. Rows returned: 34
2025-08-27 17:54:09.219 | INFO     | data_layer.tab_1:get_tab1_results:38 - Query execution completed. Successful: 5, Failed: 0
2025-08-27 17:54:09.219 | INFO     | data_layer.tab_1:get_tab1_results:43 - Database connection closed successfully
2025-08-27 18:02:45.897 | INFO     | data_layer.tab_1:get_tab1_results:12 - Starting database connection and query execution
2025-08-27 18:02:45.912 | INFO     | data_layer.tab_1:get_tab1_results:16 - Successfully connected to database: ExcelData on server: 192.168.0.45,1433
2025-08-27 18:02:45.912 | INFO     | data_layer.tab_1:get_tab1_results:27 - Executing query: q1
2025-08-27 18:02:46.755 | SUCCESS  | data_layer.tab_1:get_tab1_results:31 - Query q1 executed successfully. Rows returned: 5
2025-08-27 18:02:46.755 | INFO     | data_layer.tab_1:get_tab1_results:27 - Executing query: q2
2025-08-27 18:02:46.883 | SUCCESS  | data_layer.tab_1:get_tab1_results:31 - Query q2 executed successfully. Rows returned: 18
2025-08-27 18:02:46.883 | INFO     | data_layer.tab_1:get_tab1_results:27 - Executing query: q3
2025-08-27 18:02:46.962 | SUCCESS  | data_layer.tab_1:get_tab1_results:31 - Query q3 executed successfully. Rows returned: 55
2025-08-27 18:02:46.962 | INFO     | data_layer.tab_1:get_tab1_results:27 - Executing query: q4
2025-08-27 18:02:47.119 | SUCCESS  | data_layer.tab_1:get_tab1_results:31 - Query q4 executed successfully. Rows returned: 68
2025-08-27 18:02:47.119 | INFO     | data_layer.tab_1:get_tab1_results:27 - Executing query: q5
2025-08-27 18:02:47.211 | SUCCESS  | data_layer.tab_1:get_tab1_results:31 - Query q5 executed successfully. Rows returned: 34
2025-08-27 18:02:47.211 | INFO     | data_layer.tab_1:get_tab1_results:38 - Query execution completed. Successful: 5, Failed: 0
2025-08-27 18:02:47.212 | INFO     | data_layer.tab_1:get_tab1_results:43 - Database connection closed successfully
2025-08-27 18:02:49.803 | INFO     | data_layer.tab_1:get_tab1_results:12 - Starting database connection and query execution
2025-08-27 18:02:49.812 | INFO     | data_layer.tab_1:get_tab1_results:16 - Successfully connected to database: ExcelData on server: 192.168.0.45,1433
2025-08-27 18:02:49.812 | INFO     | data_layer.tab_1:get_tab1_results:27 - Executing query: q1
2025-08-27 18:02:50.633 | SUCCESS  | data_layer.tab_1:get_tab1_results:31 - Query q1 executed successfully. Rows returned: 5
2025-08-27 18:02:50.633 | INFO     | data_layer.tab_1:get_tab1_results:27 - Executing query: q2
2025-08-27 18:02:50.768 | SUCCESS  | data_layer.tab_1:get_tab1_results:31 - Query q2 executed successfully. Rows returned: 18
2025-08-27 18:02:50.769 | INFO     | data_layer.tab_1:get_tab1_results:27 - Executing query: q3
2025-08-27 18:02:50.903 | SUCCESS  | data_layer.tab_1:get_tab1_results:31 - Query q3 executed successfully. Rows returned: 55
2025-08-27 18:02:50.903 | INFO     | data_layer.tab_1:get_tab1_results:27 - Executing query: q4
2025-08-27 18:02:51.035 | SUCCESS  | data_layer.tab_1:get_tab1_results:31 - Query q4 executed successfully. Rows returned: 68
2025-08-27 18:02:51.036 | INFO     | data_layer.tab_1:get_tab1_results:27 - Executing query: q5
2025-08-27 18:02:51.150 | SUCCESS  | data_layer.tab_1:get_tab1_results:31 - Query q5 executed successfully. Rows returned: 34
2025-08-27 18:02:51.150 | INFO     | data_layer.tab_1:get_tab1_results:38 - Query execution completed. Successful: 5, Failed: 0
2025-08-27 18:02:51.151 | INFO     | data_layer.tab_1:get_tab1_results:43 - Database connection closed successfully
2025-08-27 18:03:15.546 | INFO     | data_layer.tab_1:get_tab1_results:12 - Starting database connection and query execution
2025-08-27 18:03:15.559 | INFO     | data_layer.tab_1:get_tab1_results:16 - Successfully connected to database: ExcelData on server: 192.168.0.45,1433
2025-08-27 18:03:15.560 | INFO     | data_layer.tab_1:get_tab1_results:27 - Executing query: q1
2025-08-27 18:03:16.432 | SUCCESS  | data_layer.tab_1:get_tab1_results:31 - Query q1 executed successfully. Rows returned: 5
2025-08-27 18:03:16.432 | INFO     | data_layer.tab_1:get_tab1_results:27 - Executing query: q2
2025-08-27 18:03:16.498 | SUCCESS  | data_layer.tab_1:get_tab1_results:31 - Query q2 executed successfully. Rows returned: 18
2025-08-27 18:03:16.498 | INFO     | data_layer.tab_1:get_tab1_results:27 - Executing query: q3
2025-08-27 18:03:16.570 | SUCCESS  | data_layer.tab_1:get_tab1_results:31 - Query q3 executed successfully. Rows returned: 55
2025-08-27 18:03:16.570 | INFO     | data_layer.tab_1:get_tab1_results:27 - Executing query: q4
2025-08-27 18:03:16.654 | SUCCESS  | data_layer.tab_1:get_tab1_results:31 - Query q4 executed successfully. Rows returned: 68
2025-08-27 18:03:16.654 | INFO     | data_layer.tab_1:get_tab1_results:27 - Executing query: q5
2025-08-27 18:03:16.719 | SUCCESS  | data_layer.tab_1:get_tab1_results:31 - Query q5 executed successfully. Rows returned: 34
2025-08-27 18:03:16.719 | INFO     | data_layer.tab_1:get_tab1_results:38 - Query execution completed. Successful: 5, Failed: 0
2025-08-27 18:03:16.721 | INFO     | data_layer.tab_1:get_tab1_results:43 - Database connection closed successfully
2025-08-27 18:03:53.154 | INFO     | data_layer.tab_1:get_tab1_results:12 - Starting database connection and query execution
2025-08-27 18:03:53.166 | INFO     | data_layer.tab_1:get_tab1_results:16 - Successfully connected to database: ExcelData on server: 192.168.0.45,1433
2025-08-27 18:03:53.166 | INFO     | data_layer.tab_1:get_tab1_results:27 - Executing query: q1
2025-08-27 18:03:54.074 | SUCCESS  | data_layer.tab_1:get_tab1_results:31 - Query q1 executed successfully. Rows returned: 5
2025-08-27 18:03:54.074 | INFO     | data_layer.tab_1:get_tab1_results:27 - Executing query: q2
2025-08-27 18:03:54.209 | SUCCESS  | data_layer.tab_1:get_tab1_results:31 - Query q2 executed successfully. Rows returned: 18
2025-08-27 18:03:54.209 | INFO     | data_layer.tab_1:get_tab1_results:27 - Executing query: q3
2025-08-27 18:03:54.326 | SUCCESS  | data_layer.tab_1:get_tab1_results:31 - Query q3 executed successfully. Rows returned: 55
2025-08-27 18:03:54.326 | INFO     | data_layer.tab_1:get_tab1_results:27 - Executing query: q4
2025-08-27 18:03:54.464 | SUCCESS  | data_layer.tab_1:get_tab1_results:31 - Query q4 executed successfully. Rows returned: 68
2025-08-27 18:03:54.464 | INFO     | data_layer.tab_1:get_tab1_results:27 - Executing query: q5
2025-08-27 18:03:54.579 | SUCCESS  | data_layer.tab_1:get_tab1_results:31 - Query q5 executed successfully. Rows returned: 34
2025-08-27 18:03:54.580 | INFO     | data_layer.tab_1:get_tab1_results:38 - Query execution completed. Successful: 5, Failed: 0
2025-08-27 18:03:54.581 | INFO     | data_layer.tab_1:get_tab1_results:43 - Database connection closed successfully
2025-08-27 18:04:26.622 | INFO     | data_layer.tab_1:get_tab1_results:12 - Starting database connection and query execution
2025-08-27 18:04:26.636 | INFO     | data_layer.tab_1:get_tab1_results:16 - Successfully connected to database: ExcelData on server: 192.168.0.45,1433
2025-08-27 18:04:26.637 | INFO     | data_layer.tab_1:get_tab1_results:27 - Executing query: q1
2025-08-27 18:04:27.382 | SUCCESS  | data_layer.tab_1:get_tab1_results:31 - Query q1 executed successfully. Rows returned: 5
2025-08-27 18:04:27.382 | INFO     | data_layer.tab_1:get_tab1_results:27 - Executing query: q2
2025-08-27 18:04:27.488 | SUCCESS  | data_layer.tab_1:get_tab1_results:31 - Query q2 executed successfully. Rows returned: 18
2025-08-27 18:04:27.488 | INFO     | data_layer.tab_1:get_tab1_results:27 - Executing query: q3
2025-08-27 18:04:27.555 | SUCCESS  | data_layer.tab_1:get_tab1_results:31 - Query q3 executed successfully. Rows returned: 55
2025-08-27 18:04:27.556 | INFO     | data_layer.tab_1:get_tab1_results:27 - Executing query: q4
2025-08-27 18:04:27.636 | SUCCESS  | data_layer.tab_1:get_tab1_results:31 - Query q4 executed successfully. Rows returned: 68
2025-08-27 18:04:27.636 | INFO     | data_layer.tab_1:get_tab1_results:27 - Executing query: q5
2025-08-27 18:04:27.704 | SUCCESS  | data_layer.tab_1:get_tab1_results:31 - Query q5 executed successfully. Rows returned: 34
2025-08-27 18:04:27.704 | INFO     | data_layer.tab_1:get_tab1_results:38 - Query execution completed. Successful: 5, Failed: 0
2025-08-27 18:04:27.704 | INFO     | data_layer.tab_1:get_tab1_results:43 - Database connection closed successfully
2025-08-27 18:04:49.460 | INFO     | data_layer.tab_1:get_tab1_results:12 - Starting database connection and query execution
2025-08-27 18:04:49.471 | INFO     | data_layer.tab_1:get_tab1_results:16 - Successfully connected to database: ExcelData on server: 192.168.0.45,1433
2025-08-27 18:04:49.471 | INFO     | data_layer.tab_1:get_tab1_results:27 - Executing query: q1
2025-08-27 18:04:50.310 | SUCCESS  | data_layer.tab_1:get_tab1_results:31 - Query q1 executed successfully. Rows returned: 5
2025-08-27 18:04:50.310 | INFO     | data_layer.tab_1:get_tab1_results:27 - Executing query: q2
2025-08-27 18:04:50.381 | SUCCESS  | data_layer.tab_1:get_tab1_results:31 - Query q2 executed successfully. Rows returned: 18
2025-08-27 18:04:50.382 | INFO     | data_layer.tab_1:get_tab1_results:27 - Executing query: q3
2025-08-27 18:04:50.458 | SUCCESS  | data_layer.tab_1:get_tab1_results:31 - Query q3 executed successfully. Rows returned: 55
2025-08-27 18:04:50.459 | INFO     | data_layer.tab_1:get_tab1_results:27 - Executing query: q4
2025-08-27 18:04:50.570 | SUCCESS  | data_layer.tab_1:get_tab1_results:31 - Query q4 executed successfully. Rows returned: 68
2025-08-27 18:04:50.570 | INFO     | data_layer.tab_1:get_tab1_results:27 - Executing query: q5
2025-08-27 18:04:50.734 | SUCCESS  | data_layer.tab_1:get_tab1_results:31 - Query q5 executed successfully. Rows returned: 34
2025-08-27 18:04:50.734 | INFO     | data_layer.tab_1:get_tab1_results:38 - Query execution completed. Successful: 5, Failed: 0
2025-08-27 18:04:50.735 | INFO     | data_layer.tab_1:get_tab1_results:43 - Database connection closed successfully
2025-08-27 18:06:05.209 | INFO     | data_layer.tab_1:get_tab1_results:12 - Starting database connection and query execution
2025-08-27 18:06:05.222 | INFO     | data_layer.tab_1:get_tab1_results:16 - Successfully connected to database: ExcelData on server: 192.168.0.45,1433
2025-08-27 18:06:05.222 | INFO     | data_layer.tab_1:get_tab1_results:27 - Executing query: q1
2025-08-27 18:06:05.976 | SUCCESS  | data_layer.tab_1:get_tab1_results:31 - Query q1 executed successfully. Rows returned: 5
2025-08-27 18:06:05.976 | INFO     | data_layer.tab_1:get_tab1_results:27 - Executing query: q2
2025-08-27 18:06:06.120 | SUCCESS  | data_layer.tab_1:get_tab1_results:31 - Query q2 executed successfully. Rows returned: 18
2025-08-27 18:06:06.120 | INFO     | data_layer.tab_1:get_tab1_results:27 - Executing query: q3
2025-08-27 18:06:06.224 | SUCCESS  | data_layer.tab_1:get_tab1_results:31 - Query q3 executed successfully. Rows returned: 55
2025-08-27 18:06:06.224 | INFO     | data_layer.tab_1:get_tab1_results:27 - Executing query: q4
2025-08-27 18:06:06.329 | SUCCESS  | data_layer.tab_1:get_tab1_results:31 - Query q4 executed successfully. Rows returned: 68
2025-08-27 18:06:06.329 | INFO     | data_layer.tab_1:get_tab1_results:27 - Executing query: q5
2025-08-27 18:06:06.517 | SUCCESS  | data_layer.tab_1:get_tab1_results:31 - Query q5 executed successfully. Rows returned: 34
2025-08-27 18:06:06.518 | INFO     | data_layer.tab_1:get_tab1_results:38 - Query execution completed. Successful: 5, Failed: 0
2025-08-27 18:06:06.519 | INFO     | data_layer.tab_1:get_tab1_results:43 - Database connection closed successfully
