2025-08-27 17:08:19.568 | INFO     | data_layer.tab_1:get_tab1_results:22 - Starting database connection and query execution
2025-08-27 17:08:19.580 | INFO     | data_layer.tab_1:get_tab1_results:26 - Successfully connected to database: ExcelData on server: 192.168.0.45,1433
2025-08-27 17:08:19.581 | INFO     | data_layer.tab_1:get_tab1_results:37 - Executing query: q1
2025-08-27 17:08:20.533 | SUCCESS  | data_layer.tab_1:get_tab1_results:41 - Query q1 executed successfully. Rows returned: 5
2025-08-27 17:08:20.533 | INFO     | data_layer.tab_1:get_tab1_results:37 - Executing query: q2
2025-08-27 17:08:20.621 | SUCCESS  | data_layer.tab_1:get_tab1_results:41 - Query q2 executed successfully. Rows returned: 18
2025-08-27 17:08:20.622 | INFO     | data_layer.tab_1:get_tab1_results:37 - Executing query: q3
2025-08-27 17:08:20.711 | SUCCESS  | data_layer.tab_1:get_tab1_results:41 - Query q3 executed successfully. Rows returned: 55
2025-08-27 17:08:20.711 | INFO     | data_layer.tab_1:get_tab1_results:37 - Executing query: q4
2025-08-27 17:08:20.796 | SUCCESS  | data_layer.tab_1:get_tab1_results:41 - Query q4 executed successfully. Rows returned: 68
2025-08-27 17:08:20.796 | INFO     | data_layer.tab_1:get_tab1_results:37 - Executing query: q5
2025-08-27 17:08:20.858 | SUCCESS  | data_layer.tab_1:get_tab1_results:41 - Query q5 executed successfully. Rows returned: 34
2025-08-27 17:08:20.858 | INFO     | data_layer.tab_1:get_tab1_results:48 - Query execution completed. Successful: 5, Failed: 0
2025-08-27 17:08:20.859 | INFO     | data_layer.tab_1:get_tab1_results:53 - Database connection closed successfully
2025-08-27 17:08:20.859 | INFO     | data_layer.tab_2:get_tab2_results:23 - Starting database connection and query execution
2025-08-27 17:08:20.859 | INFO     | data_layer.tab_2:get_tab2_results:27 - Successfully connected to database: ExcelData on server: 192.168.0.45,1433
2025-08-27 17:08:20.859 | INFO     | data_layer.tab_2:get_tab2_results:38 - Executing query: q1
2025-08-27 17:08:21.078 | SUCCESS  | data_layer.tab_2:get_tab2_results:42 - Query q1 executed successfully. Rows returned: 5
2025-08-27 17:08:21.078 | INFO     | data_layer.tab_2:get_tab2_results:38 - Executing query: q2
2025-08-27 17:08:21.149 | SUCCESS  | data_layer.tab_2:get_tab2_results:42 - Query q2 executed successfully. Rows returned: 18
2025-08-27 17:08:21.149 | INFO     | data_layer.tab_2:get_tab2_results:38 - Executing query: q3
2025-08-27 17:08:21.254 | SUCCESS  | data_layer.tab_2:get_tab2_results:42 - Query q3 executed successfully. Rows returned: 55
2025-08-27 17:08:21.254 | INFO     | data_layer.tab_2:get_tab2_results:38 - Executing query: q4
2025-08-27 17:08:21.366 | SUCCESS  | data_layer.tab_2:get_tab2_results:42 - Query q4 executed successfully. Rows returned: 99
2025-08-27 17:08:21.367 | INFO     | data_layer.tab_2:get_tab2_results:49 - Query execution completed. Successful: 4, Failed: 0
2025-08-27 17:08:21.368 | INFO     | data_layer.tab_2:get_tab2_results:54 - Database connection closed successfully
2025-08-27 17:08:22.221 | INFO     | data_layer.tab_1:get_tab1_results:22 - Starting database connection and query execution
2025-08-27 17:08:22.229 | INFO     | data_layer.tab_1:get_tab1_results:26 - Successfully connected to database: ExcelData on server: 192.168.0.45,1433
2025-08-27 17:08:22.229 | INFO     | data_layer.tab_1:get_tab1_results:37 - Executing query: q1
2025-08-27 17:08:23.097 | SUCCESS  | data_layer.tab_1:get_tab1_results:41 - Query q1 executed successfully. Rows returned: 5
2025-08-27 17:08:23.098 | INFO     | data_layer.tab_1:get_tab1_results:37 - Executing query: q2
2025-08-27 17:08:23.197 | SUCCESS  | data_layer.tab_1:get_tab1_results:41 - Query q2 executed successfully. Rows returned: 18
2025-08-27 17:08:23.197 | INFO     | data_layer.tab_1:get_tab1_results:37 - Executing query: q3
2025-08-27 17:08:23.267 | SUCCESS  | data_layer.tab_1:get_tab1_results:41 - Query q3 executed successfully. Rows returned: 55
2025-08-27 17:08:23.268 | INFO     | data_layer.tab_1:get_tab1_results:37 - Executing query: q4
2025-08-27 17:08:23.355 | SUCCESS  | data_layer.tab_1:get_tab1_results:41 - Query q4 executed successfully. Rows returned: 68
2025-08-27 17:08:23.355 | INFO     | data_layer.tab_1:get_tab1_results:37 - Executing query: q5
2025-08-27 17:08:23.423 | SUCCESS  | data_layer.tab_1:get_tab1_results:41 - Query q5 executed successfully. Rows returned: 34
2025-08-27 17:08:23.424 | INFO     | data_layer.tab_1:get_tab1_results:48 - Query execution completed. Successful: 5, Failed: 0
2025-08-27 17:08:23.425 | INFO     | data_layer.tab_1:get_tab1_results:53 - Database connection closed successfully
2025-08-27 17:08:23.425 | INFO     | data_layer.tab_2:get_tab2_results:23 - Starting database connection and query execution
2025-08-27 17:08:23.426 | INFO     | data_layer.tab_2:get_tab2_results:27 - Successfully connected to database: ExcelData on server: 192.168.0.45,1433
2025-08-27 17:08:23.426 | INFO     | data_layer.tab_2:get_tab2_results:38 - Executing query: q1
2025-08-27 17:08:23.652 | SUCCESS  | data_layer.tab_2:get_tab2_results:42 - Query q1 executed successfully. Rows returned: 5
2025-08-27 17:08:23.653 | INFO     | data_layer.tab_2:get_tab2_results:38 - Executing query: q2
2025-08-27 17:08:23.735 | SUCCESS  | data_layer.tab_2:get_tab2_results:42 - Query q2 executed successfully. Rows returned: 18
2025-08-27 17:08:23.736 | INFO     | data_layer.tab_2:get_tab2_results:38 - Executing query: q3
2025-08-27 17:08:23.849 | SUCCESS  | data_layer.tab_2:get_tab2_results:42 - Query q3 executed successfully. Rows returned: 55
2025-08-27 17:08:23.849 | INFO     | data_layer.tab_2:get_tab2_results:38 - Executing query: q4
2025-08-27 17:08:23.950 | SUCCESS  | data_layer.tab_2:get_tab2_results:42 - Query q4 executed successfully. Rows returned: 99
2025-08-27 17:08:23.950 | INFO     | data_layer.tab_2:get_tab2_results:49 - Query execution completed. Successful: 4, Failed: 0
2025-08-27 17:08:23.951 | INFO     | data_layer.tab_2:get_tab2_results:54 - Database connection closed successfully
2025-08-27 17:09:43.849 | INFO     | data_layer.tab_1:get_tab1_results:22 - Starting database connection and query execution
2025-08-27 17:09:43.864 | INFO     | data_layer.tab_1:get_tab1_results:26 - Successfully connected to database: ExcelData on server: 192.168.0.45,1433
2025-08-27 17:09:43.864 | INFO     | data_layer.tab_1:get_tab1_results:37 - Executing query: q1
2025-08-27 17:09:44.713 | SUCCESS  | data_layer.tab_1:get_tab1_results:41 - Query q1 executed successfully. Rows returned: 5
2025-08-27 17:09:44.713 | INFO     | data_layer.tab_1:get_tab1_results:37 - Executing query: q2
2025-08-27 17:09:44.835 | SUCCESS  | data_layer.tab_1:get_tab1_results:41 - Query q2 executed successfully. Rows returned: 18
2025-08-27 17:09:44.836 | INFO     | data_layer.tab_1:get_tab1_results:37 - Executing query: q3
2025-08-27 17:09:44.919 | SUCCESS  | data_layer.tab_1:get_tab1_results:41 - Query q3 executed successfully. Rows returned: 55
2025-08-27 17:09:44.920 | INFO     | data_layer.tab_1:get_tab1_results:37 - Executing query: q4
2025-08-27 17:09:45.003 | SUCCESS  | data_layer.tab_1:get_tab1_results:41 - Query q4 executed successfully. Rows returned: 68
2025-08-27 17:09:45.003 | INFO     | data_layer.tab_1:get_tab1_results:37 - Executing query: q5
2025-08-27 17:09:45.083 | SUCCESS  | data_layer.tab_1:get_tab1_results:41 - Query q5 executed successfully. Rows returned: 34
2025-08-27 17:09:45.083 | INFO     | data_layer.tab_1:get_tab1_results:48 - Query execution completed. Successful: 5, Failed: 0
2025-08-27 17:09:45.086 | INFO     | data_layer.tab_1:get_tab1_results:53 - Database connection closed successfully
2025-08-27 17:09:45.086 | INFO     | data_layer.tab_2:get_tab2_results:23 - Starting database connection and query execution
2025-08-27 17:09:45.087 | INFO     | data_layer.tab_2:get_tab2_results:27 - Successfully connected to database: ExcelData on server: 192.168.0.45,1433
2025-08-27 17:09:45.087 | INFO     | data_layer.tab_2:get_tab2_results:38 - Executing query: q1
2025-08-27 17:09:45.303 | SUCCESS  | data_layer.tab_2:get_tab2_results:42 - Query q1 executed successfully. Rows returned: 5
2025-08-27 17:09:45.303 | INFO     | data_layer.tab_2:get_tab2_results:38 - Executing query: q2
2025-08-27 17:09:45.382 | SUCCESS  | data_layer.tab_2:get_tab2_results:42 - Query q2 executed successfully. Rows returned: 18
2025-08-27 17:09:45.382 | INFO     | data_layer.tab_2:get_tab2_results:38 - Executing query: q3
2025-08-27 17:09:45.489 | SUCCESS  | data_layer.tab_2:get_tab2_results:42 - Query q3 executed successfully. Rows returned: 55
2025-08-27 17:09:45.489 | INFO     | data_layer.tab_2:get_tab2_results:38 - Executing query: q4
2025-08-27 17:09:45.634 | SUCCESS  | data_layer.tab_2:get_tab2_results:42 - Query q4 executed successfully. Rows returned: 99
2025-08-27 17:09:45.634 | INFO     | data_layer.tab_2:get_tab2_results:49 - Query execution completed. Successful: 4, Failed: 0
2025-08-27 17:09:45.635 | INFO     | data_layer.tab_2:get_tab2_results:54 - Database connection closed successfully
2025-08-27 17:09:46.481 | INFO     | data_layer.tab_1:get_tab1_results:22 - Starting database connection and query execution
2025-08-27 17:09:46.489 | INFO     | data_layer.tab_1:get_tab1_results:26 - Successfully connected to database: ExcelData on server: 192.168.0.45,1433
2025-08-27 17:09:46.489 | INFO     | data_layer.tab_1:get_tab1_results:37 - Executing query: q1
2025-08-27 17:09:47.402 | SUCCESS  | data_layer.tab_1:get_tab1_results:41 - Query q1 executed successfully. Rows returned: 5
2025-08-27 17:09:47.403 | INFO     | data_layer.tab_1:get_tab1_results:37 - Executing query: q2
2025-08-27 17:09:47.473 | SUCCESS  | data_layer.tab_1:get_tab1_results:41 - Query q2 executed successfully. Rows returned: 18
2025-08-27 17:09:47.474 | INFO     | data_layer.tab_1:get_tab1_results:37 - Executing query: q3
2025-08-27 17:09:47.551 | SUCCESS  | data_layer.tab_1:get_tab1_results:41 - Query q3 executed successfully. Rows returned: 55
2025-08-27 17:09:47.551 | INFO     | data_layer.tab_1:get_tab1_results:37 - Executing query: q4
2025-08-27 17:09:47.635 | SUCCESS  | data_layer.tab_1:get_tab1_results:41 - Query q4 executed successfully. Rows returned: 68
2025-08-27 17:09:47.635 | INFO     | data_layer.tab_1:get_tab1_results:37 - Executing query: q5
2025-08-27 17:09:47.720 | SUCCESS  | data_layer.tab_1:get_tab1_results:41 - Query q5 executed successfully. Rows returned: 34
2025-08-27 17:09:47.720 | INFO     | data_layer.tab_1:get_tab1_results:48 - Query execution completed. Successful: 5, Failed: 0
2025-08-27 17:09:47.720 | INFO     | data_layer.tab_1:get_tab1_results:53 - Database connection closed successfully
2025-08-27 17:09:47.720 | INFO     | data_layer.tab_2:get_tab2_results:23 - Starting database connection and query execution
2025-08-27 17:09:47.721 | INFO     | data_layer.tab_2:get_tab2_results:27 - Successfully connected to database: ExcelData on server: 192.168.0.45,1433
2025-08-27 17:09:47.721 | INFO     | data_layer.tab_2:get_tab2_results:38 - Executing query: q1
2025-08-27 17:09:47.928 | SUCCESS  | data_layer.tab_2:get_tab2_results:42 - Query q1 executed successfully. Rows returned: 5
2025-08-27 17:09:47.928 | INFO     | data_layer.tab_2:get_tab2_results:38 - Executing query: q2
2025-08-27 17:09:48.031 | SUCCESS  | data_layer.tab_2:get_tab2_results:42 - Query q2 executed successfully. Rows returned: 18
2025-08-27 17:09:48.032 | INFO     | data_layer.tab_2:get_tab2_results:38 - Executing query: q3
2025-08-27 17:09:48.112 | SUCCESS  | data_layer.tab_2:get_tab2_results:42 - Query q3 executed successfully. Rows returned: 55
2025-08-27 17:09:48.112 | INFO     | data_layer.tab_2:get_tab2_results:38 - Executing query: q4
2025-08-27 17:09:48.233 | SUCCESS  | data_layer.tab_2:get_tab2_results:42 - Query q4 executed successfully. Rows returned: 99
2025-08-27 17:09:48.233 | INFO     | data_layer.tab_2:get_tab2_results:49 - Query execution completed. Successful: 4, Failed: 0
2025-08-27 17:09:48.233 | INFO     | data_layer.tab_2:get_tab2_results:54 - Database connection closed successfully
2025-08-27 17:29:57.666 | INFO     | data_layer.tab_2:get_tab2_results:14 - Starting database connection and query execution
2025-08-27 17:29:57.667 | INFO     | data_layer.tab_2:get_tab2_results:18 - Successfully connected to database: ExcelData on server: 192.168.0.45,1433
2025-08-27 17:29:57.667 | INFO     | data_layer.tab_2:get_tab2_results:29 - Executing query: q1
2025-08-27 17:29:57.850 | SUCCESS  | data_layer.tab_2:get_tab2_results:33 - Query q1 executed successfully. Rows returned: 5
2025-08-27 17:29:57.851 | INFO     | data_layer.tab_2:get_tab2_results:29 - Executing query: q2
2025-08-27 17:29:57.923 | SUCCESS  | data_layer.tab_2:get_tab2_results:33 - Query q2 executed successfully. Rows returned: 18
2025-08-27 17:29:57.923 | INFO     | data_layer.tab_2:get_tab2_results:29 - Executing query: q3
2025-08-27 17:29:58.006 | SUCCESS  | data_layer.tab_2:get_tab2_results:33 - Query q3 executed successfully. Rows returned: 55
2025-08-27 17:29:58.007 | INFO     | data_layer.tab_2:get_tab2_results:29 - Executing query: q4
2025-08-27 17:29:58.156 | SUCCESS  | data_layer.tab_2:get_tab2_results:33 - Query q4 executed successfully. Rows returned: 99
2025-08-27 17:29:58.156 | INFO     | data_layer.tab_2:get_tab2_results:40 - Query execution completed. Successful: 4, Failed: 0
2025-08-27 17:29:58.157 | INFO     | data_layer.tab_2:get_tab2_results:45 - Database connection closed successfully
2025-08-27 17:30:19.853 | INFO     | data_layer.tab_2:get_tab2_results:14 - Starting database connection and query execution
2025-08-27 17:30:19.854 | INFO     | data_layer.tab_2:get_tab2_results:18 - Successfully connected to database: ExcelData on server: 192.168.0.45,1433
2025-08-27 17:30:19.854 | INFO     | data_layer.tab_2:get_tab2_results:29 - Executing query: q1
2025-08-27 17:30:20.372 | SUCCESS  | data_layer.tab_2:get_tab2_results:33 - Query q1 executed successfully. Rows returned: 5
2025-08-27 17:30:20.373 | INFO     | data_layer.tab_2:get_tab2_results:29 - Executing query: q2
2025-08-27 17:30:20.446 | SUCCESS  | data_layer.tab_2:get_tab2_results:33 - Query q2 executed successfully. Rows returned: 18
2025-08-27 17:30:20.447 | INFO     | data_layer.tab_2:get_tab2_results:29 - Executing query: q3
2025-08-27 17:30:20.550 | SUCCESS  | data_layer.tab_2:get_tab2_results:33 - Query q3 executed successfully. Rows returned: 55
2025-08-27 17:30:20.551 | INFO     | data_layer.tab_2:get_tab2_results:29 - Executing query: q4
2025-08-27 17:30:20.663 | SUCCESS  | data_layer.tab_2:get_tab2_results:33 - Query q4 executed successfully. Rows returned: 99
2025-08-27 17:30:20.664 | INFO     | data_layer.tab_2:get_tab2_results:40 - Query execution completed. Successful: 4, Failed: 0
2025-08-27 17:30:20.665 | INFO     | data_layer.tab_2:get_tab2_results:45 - Database connection closed successfully
2025-08-27 17:30:24.714 | INFO     | data_layer.tab_2:get_tab2_results:13 - Starting database connection and query execution
2025-08-27 17:30:24.715 | INFO     | data_layer.tab_2:get_tab2_results:17 - Successfully connected to database: ExcelData on server: 192.168.0.45,1433
2025-08-27 17:30:24.715 | INFO     | data_layer.tab_2:get_tab2_results:28 - Executing query: q1
2025-08-27 17:30:24.907 | SUCCESS  | data_layer.tab_2:get_tab2_results:32 - Query q1 executed successfully. Rows returned: 5
2025-08-27 17:30:24.908 | INFO     | data_layer.tab_2:get_tab2_results:28 - Executing query: q2
2025-08-27 17:30:24.972 | SUCCESS  | data_layer.tab_2:get_tab2_results:32 - Query q2 executed successfully. Rows returned: 18
2025-08-27 17:30:24.972 | INFO     | data_layer.tab_2:get_tab2_results:28 - Executing query: q3
2025-08-27 17:30:25.045 | SUCCESS  | data_layer.tab_2:get_tab2_results:32 - Query q3 executed successfully. Rows returned: 55
2025-08-27 17:30:25.046 | INFO     | data_layer.tab_2:get_tab2_results:28 - Executing query: q4
2025-08-27 17:30:25.158 | SUCCESS  | data_layer.tab_2:get_tab2_results:32 - Query q4 executed successfully. Rows returned: 99
2025-08-27 17:30:25.158 | INFO     | data_layer.tab_2:get_tab2_results:39 - Query execution completed. Successful: 4, Failed: 0
2025-08-27 17:30:25.159 | INFO     | data_layer.tab_2:get_tab2_results:44 - Database connection closed successfully
2025-08-27 17:31:11.086 | INFO     | data_layer.tab_2:get_tab2_results:13 - Starting database connection and query execution
2025-08-27 17:31:11.086 | INFO     | data_layer.tab_2:get_tab2_results:17 - Successfully connected to database: ExcelData on server: 192.168.0.45,1433
2025-08-27 17:31:11.087 | INFO     | data_layer.tab_2:get_tab2_results:28 - Executing query: q1
2025-08-27 17:31:11.269 | SUCCESS  | data_layer.tab_2:get_tab2_results:32 - Query q1 executed successfully. Rows returned: 5
2025-08-27 17:31:11.270 | INFO     | data_layer.tab_2:get_tab2_results:28 - Executing query: q2
2025-08-27 17:31:11.390 | SUCCESS  | data_layer.tab_2:get_tab2_results:32 - Query q2 executed successfully. Rows returned: 18
2025-08-27 17:31:11.390 | INFO     | data_layer.tab_2:get_tab2_results:28 - Executing query: q3
2025-08-27 17:31:11.472 | SUCCESS  | data_layer.tab_2:get_tab2_results:32 - Query q3 executed successfully. Rows returned: 55
2025-08-27 17:31:11.472 | INFO     | data_layer.tab_2:get_tab2_results:28 - Executing query: q4
2025-08-27 17:31:11.576 | SUCCESS  | data_layer.tab_2:get_tab2_results:32 - Query q4 executed successfully. Rows returned: 99
2025-08-27 17:31:11.576 | INFO     | data_layer.tab_2:get_tab2_results:39 - Query execution completed. Successful: 4, Failed: 0
2025-08-27 17:31:11.576 | INFO     | data_layer.tab_2:get_tab2_results:44 - Database connection closed successfully
2025-08-27 17:31:13.421 | INFO     | data_layer.tab_2:get_tab2_results:13 - Starting database connection and query execution
2025-08-27 17:31:13.422 | INFO     | data_layer.tab_2:get_tab2_results:17 - Successfully connected to database: ExcelData on server: 192.168.0.45,1433
2025-08-27 17:31:13.422 | INFO     | data_layer.tab_2:get_tab2_results:28 - Executing query: q1
2025-08-27 17:31:14.072 | SUCCESS  | data_layer.tab_2:get_tab2_results:32 - Query q1 executed successfully. Rows returned: 5
2025-08-27 17:31:14.072 | INFO     | data_layer.tab_2:get_tab2_results:28 - Executing query: q2
2025-08-27 17:31:14.235 | SUCCESS  | data_layer.tab_2:get_tab2_results:32 - Query q2 executed successfully. Rows returned: 18
2025-08-27 17:31:14.236 | INFO     | data_layer.tab_2:get_tab2_results:28 - Executing query: q3
2025-08-27 17:31:14.370 | SUCCESS  | data_layer.tab_2:get_tab2_results:32 - Query q3 executed successfully. Rows returned: 55
2025-08-27 17:31:14.370 | INFO     | data_layer.tab_2:get_tab2_results:28 - Executing query: q4
2025-08-27 17:31:14.509 | SUCCESS  | data_layer.tab_2:get_tab2_results:32 - Query q4 executed successfully. Rows returned: 99
2025-08-27 17:31:14.509 | INFO     | data_layer.tab_2:get_tab2_results:39 - Query execution completed. Successful: 4, Failed: 0
2025-08-27 17:31:14.510 | INFO     | data_layer.tab_2:get_tab2_results:44 - Database connection closed successfully
2025-08-27 17:53:49.217 | INFO     | data_layer.tab_2:get_tab2_results:13 - Starting database connection and query execution
2025-08-27 17:53:49.218 | INFO     | data_layer.tab_2:get_tab2_results:17 - Successfully connected to database: ExcelData on server: 192.168.0.45,1433
2025-08-27 17:53:49.218 | INFO     | data_layer.tab_2:get_tab2_results:28 - Executing query: q1
2025-08-27 17:53:49.428 | SUCCESS  | data_layer.tab_2:get_tab2_results:32 - Query q1 executed successfully. Rows returned: 5
2025-08-27 17:53:49.428 | INFO     | data_layer.tab_2:get_tab2_results:28 - Executing query: q2
2025-08-27 17:53:49.522 | SUCCESS  | data_layer.tab_2:get_tab2_results:32 - Query q2 executed successfully. Rows returned: 18
2025-08-27 17:53:49.522 | INFO     | data_layer.tab_2:get_tab2_results:28 - Executing query: q3
2025-08-27 17:53:49.608 | SUCCESS  | data_layer.tab_2:get_tab2_results:32 - Query q3 executed successfully. Rows returned: 55
2025-08-27 17:53:49.609 | INFO     | data_layer.tab_2:get_tab2_results:28 - Executing query: q4
2025-08-27 17:53:49.704 | SUCCESS  | data_layer.tab_2:get_tab2_results:32 - Query q4 executed successfully. Rows returned: 99
2025-08-27 17:53:49.705 | INFO     | data_layer.tab_2:get_tab2_results:39 - Query execution completed. Successful: 4, Failed: 0
2025-08-27 17:53:49.706 | INFO     | data_layer.tab_2:get_tab2_results:44 - Database connection closed successfully
2025-08-27 17:54:09.219 | INFO     | data_layer.tab_2:get_tab2_results:13 - Starting database connection and query execution
2025-08-27 17:54:09.219 | INFO     | data_layer.tab_2:get_tab2_results:17 - Successfully connected to database: ExcelData on server: 192.168.0.45,1433
2025-08-27 17:54:09.219 | INFO     | data_layer.tab_2:get_tab2_results:28 - Executing query: q1
2025-08-27 17:54:09.413 | SUCCESS  | data_layer.tab_2:get_tab2_results:32 - Query q1 executed successfully. Rows returned: 5
2025-08-27 17:54:09.413 | INFO     | data_layer.tab_2:get_tab2_results:28 - Executing query: q2
2025-08-27 17:54:09.482 | SUCCESS  | data_layer.tab_2:get_tab2_results:32 - Query q2 executed successfully. Rows returned: 18
2025-08-27 17:54:09.483 | INFO     | data_layer.tab_2:get_tab2_results:28 - Executing query: q3
2025-08-27 17:54:09.566 | SUCCESS  | data_layer.tab_2:get_tab2_results:32 - Query q3 executed successfully. Rows returned: 55
2025-08-27 17:54:09.567 | INFO     | data_layer.tab_2:get_tab2_results:28 - Executing query: q4
2025-08-27 17:54:09.681 | SUCCESS  | data_layer.tab_2:get_tab2_results:32 - Query q4 executed successfully. Rows returned: 99
2025-08-27 17:54:09.681 | INFO     | data_layer.tab_2:get_tab2_results:39 - Query execution completed. Successful: 4, Failed: 0
2025-08-27 17:54:09.682 | INFO     | data_layer.tab_2:get_tab2_results:44 - Database connection closed successfully
2025-08-27 18:02:47.212 | INFO     | data_layer.tab_2:get_tab2_results:13 - Starting database connection and query execution
2025-08-27 18:02:47.213 | INFO     | data_layer.tab_2:get_tab2_results:17 - Successfully connected to database: ExcelData on server: 192.168.0.45,1433
2025-08-27 18:02:47.213 | INFO     | data_layer.tab_2:get_tab2_results:28 - Executing query: q1
2025-08-27 18:02:47.558 | SUCCESS  | data_layer.tab_2:get_tab2_results:32 - Query q1 executed successfully. Rows returned: 5
2025-08-27 18:02:47.558 | INFO     | data_layer.tab_2:get_tab2_results:28 - Executing query: q2
2025-08-27 18:02:47.670 | SUCCESS  | data_layer.tab_2:get_tab2_results:32 - Query q2 executed successfully. Rows returned: 18
2025-08-27 18:02:47.671 | INFO     | data_layer.tab_2:get_tab2_results:28 - Executing query: q3
2025-08-27 18:02:47.808 | SUCCESS  | data_layer.tab_2:get_tab2_results:32 - Query q3 executed successfully. Rows returned: 55
2025-08-27 18:02:47.808 | INFO     | data_layer.tab_2:get_tab2_results:28 - Executing query: q4
2025-08-27 18:02:48.003 | SUCCESS  | data_layer.tab_2:get_tab2_results:32 - Query q4 executed successfully. Rows returned: 99
2025-08-27 18:02:48.003 | INFO     | data_layer.tab_2:get_tab2_results:39 - Query execution completed. Successful: 4, Failed: 0
2025-08-27 18:02:48.004 | INFO     | data_layer.tab_2:get_tab2_results:44 - Database connection closed successfully
2025-08-27 18:02:51.151 | INFO     | data_layer.tab_2:get_tab2_results:13 - Starting database connection and query execution
2025-08-27 18:02:51.152 | INFO     | data_layer.tab_2:get_tab2_results:17 - Successfully connected to database: ExcelData on server: 192.168.0.45,1433
2025-08-27 18:02:51.153 | INFO     | data_layer.tab_2:get_tab2_results:28 - Executing query: q1
2025-08-27 18:02:51.556 | SUCCESS  | data_layer.tab_2:get_tab2_results:32 - Query q1 executed successfully. Rows returned: 5
2025-08-27 18:02:51.556 | INFO     | data_layer.tab_2:get_tab2_results:28 - Executing query: q2
2025-08-27 18:02:51.664 | SUCCESS  | data_layer.tab_2:get_tab2_results:32 - Query q2 executed successfully. Rows returned: 18
2025-08-27 18:02:51.664 | INFO     | data_layer.tab_2:get_tab2_results:28 - Executing query: q3
2025-08-27 18:02:51.763 | SUCCESS  | data_layer.tab_2:get_tab2_results:32 - Query q3 executed successfully. Rows returned: 55
2025-08-27 18:02:51.763 | INFO     | data_layer.tab_2:get_tab2_results:28 - Executing query: q4
2025-08-27 18:02:51.963 | SUCCESS  | data_layer.tab_2:get_tab2_results:32 - Query q4 executed successfully. Rows returned: 99
2025-08-27 18:02:51.964 | INFO     | data_layer.tab_2:get_tab2_results:39 - Query execution completed. Successful: 4, Failed: 0
2025-08-27 18:02:51.964 | INFO     | data_layer.tab_2:get_tab2_results:44 - Database connection closed successfully
2025-08-27 18:03:16.721 | INFO     | data_layer.tab_2:get_tab2_results:13 - Starting database connection and query execution
2025-08-27 18:03:16.722 | INFO     | data_layer.tab_2:get_tab2_results:17 - Successfully connected to database: ExcelData on server: 192.168.0.45,1433
2025-08-27 18:03:16.723 | INFO     | data_layer.tab_2:get_tab2_results:28 - Executing query: q1
2025-08-27 18:03:17.365 | SUCCESS  | data_layer.tab_2:get_tab2_results:32 - Query q1 executed successfully. Rows returned: 5
2025-08-27 18:03:17.365 | INFO     | data_layer.tab_2:get_tab2_results:28 - Executing query: q2
2025-08-27 18:03:17.446 | SUCCESS  | data_layer.tab_2:get_tab2_results:32 - Query q2 executed successfully. Rows returned: 18
2025-08-27 18:03:17.447 | INFO     | data_layer.tab_2:get_tab2_results:28 - Executing query: q3
2025-08-27 18:03:17.528 | SUCCESS  | data_layer.tab_2:get_tab2_results:32 - Query q3 executed successfully. Rows returned: 55
2025-08-27 18:03:17.528 | INFO     | data_layer.tab_2:get_tab2_results:28 - Executing query: q4
2025-08-27 18:03:17.643 | SUCCESS  | data_layer.tab_2:get_tab2_results:32 - Query q4 executed successfully. Rows returned: 99
2025-08-27 18:03:17.644 | INFO     | data_layer.tab_2:get_tab2_results:39 - Query execution completed. Successful: 4, Failed: 0
2025-08-27 18:03:17.645 | INFO     | data_layer.tab_2:get_tab2_results:44 - Database connection closed successfully
2025-08-27 18:03:54.581 | INFO     | data_layer.tab_2:get_tab2_results:13 - Starting database connection and query execution
2025-08-27 18:03:54.583 | INFO     | data_layer.tab_2:get_tab2_results:17 - Successfully connected to database: ExcelData on server: 192.168.0.45,1433
2025-08-27 18:03:54.584 | INFO     | data_layer.tab_2:get_tab2_results:28 - Executing query: q1
2025-08-27 18:03:54.943 | SUCCESS  | data_layer.tab_2:get_tab2_results:32 - Query q1 executed successfully. Rows returned: 5
2025-08-27 18:03:54.943 | INFO     | data_layer.tab_2:get_tab2_results:28 - Executing query: q2
2025-08-27 18:03:55.052 | SUCCESS  | data_layer.tab_2:get_tab2_results:32 - Query q2 executed successfully. Rows returned: 18
2025-08-27 18:03:55.053 | INFO     | data_layer.tab_2:get_tab2_results:28 - Executing query: q3
2025-08-27 18:03:55.235 | SUCCESS  | data_layer.tab_2:get_tab2_results:32 - Query q3 executed successfully. Rows returned: 55
2025-08-27 18:03:55.236 | INFO     | data_layer.tab_2:get_tab2_results:28 - Executing query: q4
2025-08-27 18:03:55.387 | SUCCESS  | data_layer.tab_2:get_tab2_results:32 - Query q4 executed successfully. Rows returned: 99
2025-08-27 18:03:55.388 | INFO     | data_layer.tab_2:get_tab2_results:39 - Query execution completed. Successful: 4, Failed: 0
2025-08-27 18:03:55.389 | INFO     | data_layer.tab_2:get_tab2_results:44 - Database connection closed successfully
2025-08-27 18:04:27.704 | INFO     | data_layer.tab_2:get_tab2_results:13 - Starting database connection and query execution
2025-08-27 18:04:27.705 | INFO     | data_layer.tab_2:get_tab2_results:17 - Successfully connected to database: ExcelData on server: 192.168.0.45,1433
2025-08-27 18:04:27.705 | INFO     | data_layer.tab_2:get_tab2_results:28 - Executing query: q1
2025-08-27 18:04:27.912 | SUCCESS  | data_layer.tab_2:get_tab2_results:32 - Query q1 executed successfully. Rows returned: 5
2025-08-27 18:04:27.912 | INFO     | data_layer.tab_2:get_tab2_results:28 - Executing query: q2
2025-08-27 18:04:28.022 | SUCCESS  | data_layer.tab_2:get_tab2_results:32 - Query q2 executed successfully. Rows returned: 18
2025-08-27 18:04:28.023 | INFO     | data_layer.tab_2:get_tab2_results:28 - Executing query: q3
2025-08-27 18:04:28.117 | SUCCESS  | data_layer.tab_2:get_tab2_results:32 - Query q3 executed successfully. Rows returned: 55
2025-08-27 18:04:28.117 | INFO     | data_layer.tab_2:get_tab2_results:28 - Executing query: q4
2025-08-27 18:04:28.220 | SUCCESS  | data_layer.tab_2:get_tab2_results:32 - Query q4 executed successfully. Rows returned: 99
2025-08-27 18:04:28.221 | INFO     | data_layer.tab_2:get_tab2_results:39 - Query execution completed. Successful: 4, Failed: 0
2025-08-27 18:04:28.222 | INFO     | data_layer.tab_2:get_tab2_results:44 - Database connection closed successfully
2025-08-27 18:04:50.735 | INFO     | data_layer.tab_2:get_tab2_results:13 - Starting database connection and query execution
2025-08-27 18:04:50.737 | INFO     | data_layer.tab_2:get_tab2_results:17 - Successfully connected to database: ExcelData on server: 192.168.0.45,1433
2025-08-27 18:04:50.737 | INFO     | data_layer.tab_2:get_tab2_results:28 - Executing query: q1
2025-08-27 18:04:50.926 | SUCCESS  | data_layer.tab_2:get_tab2_results:32 - Query q1 executed successfully. Rows returned: 5
2025-08-27 18:04:50.926 | INFO     | data_layer.tab_2:get_tab2_results:28 - Executing query: q2
2025-08-27 18:04:51.029 | SUCCESS  | data_layer.tab_2:get_tab2_results:32 - Query q2 executed successfully. Rows returned: 18
2025-08-27 18:04:51.030 | INFO     | data_layer.tab_2:get_tab2_results:28 - Executing query: q3
2025-08-27 18:04:51.167 | SUCCESS  | data_layer.tab_2:get_tab2_results:32 - Query q3 executed successfully. Rows returned: 55
2025-08-27 18:04:51.168 | INFO     | data_layer.tab_2:get_tab2_results:28 - Executing query: q4
2025-08-27 18:04:51.297 | SUCCESS  | data_layer.tab_2:get_tab2_results:32 - Query q4 executed successfully. Rows returned: 99
2025-08-27 18:04:51.297 | INFO     | data_layer.tab_2:get_tab2_results:39 - Query execution completed. Successful: 4, Failed: 0
2025-08-27 18:04:51.298 | INFO     | data_layer.tab_2:get_tab2_results:44 - Database connection closed successfully
2025-08-27 18:06:06.520 | INFO     | data_layer.tab_2:get_tab2_results:13 - Starting database connection and query execution
2025-08-27 18:06:06.521 | INFO     | data_layer.tab_2:get_tab2_results:17 - Successfully connected to database: ExcelData on server: 192.168.0.45,1433
2025-08-27 18:06:06.521 | INFO     | data_layer.tab_2:get_tab2_results:28 - Executing query: q1
2025-08-27 18:06:07.146 | SUCCESS  | data_layer.tab_2:get_tab2_results:32 - Query q1 executed successfully. Rows returned: 5
2025-08-27 18:06:07.146 | INFO     | data_layer.tab_2:get_tab2_results:28 - Executing query: q2
2025-08-27 18:06:07.269 | SUCCESS  | data_layer.tab_2:get_tab2_results:32 - Query q2 executed successfully. Rows returned: 18
2025-08-27 18:06:07.269 | INFO     | data_layer.tab_2:get_tab2_results:28 - Executing query: q3
2025-08-27 18:06:07.432 | SUCCESS  | data_layer.tab_2:get_tab2_results:32 - Query q3 executed successfully. Rows returned: 55
2025-08-27 18:06:07.432 | INFO     | data_layer.tab_2:get_tab2_results:28 - Executing query: q4
2025-08-27 18:06:07.589 | SUCCESS  | data_layer.tab_2:get_tab2_results:32 - Query q4 executed successfully. Rows returned: 99
2025-08-27 18:06:07.589 | INFO     | data_layer.tab_2:get_tab2_results:39 - Query execution completed. Successful: 4, Failed: 0
2025-08-27 18:06:07.590 | INFO     | data_layer.tab_2:get_tab2_results:44 - Database connection closed successfully
