2025-08-28 09:17:41.469 | INFO     | data_layer.tab_2:get_tab2_results:13 - Starting database connection and query execution
2025-08-28 09:17:41.470 | INFO     | data_layer.tab_2:get_tab2_results:17 - Successfully connected to database: ExcelData on server: 192.168.0.45,1433
2025-08-28 09:17:41.470 | INFO     | data_layer.tab_2:get_tab2_results:28 - Executing query: q1
2025-08-28 09:17:41.629 | SUCCESS  | data_layer.tab_2:get_tab2_results:32 - Query q1 executed successfully. Rows returned: 5
2025-08-28 09:17:41.630 | INFO     | data_layer.tab_2:get_tab2_results:28 - Executing query: q2
2025-08-28 09:17:41.698 | SUCCESS  | data_layer.tab_2:get_tab2_results:32 - Query q2 executed successfully. Rows returned: 18
2025-08-28 09:17:41.698 | INFO     | data_layer.tab_2:get_tab2_results:28 - Executing query: q3
2025-08-28 09:17:41.789 | SUCCESS  | data_layer.tab_2:get_tab2_results:32 - Query q3 executed successfully. Rows returned: 55
2025-08-28 09:17:41.790 | INFO     | data_layer.tab_2:get_tab2_results:28 - Executing query: q4
2025-08-28 09:17:41.886 | SUCCESS  | data_layer.tab_2:get_tab2_results:32 - Query q4 executed successfully. Rows returned: 99
2025-08-28 09:17:41.886 | INFO     | data_layer.tab_2:get_tab2_results:39 - Query execution completed. Successful: 4, Failed: 0
2025-08-28 09:17:41.886 | INFO     | data_layer.tab_2:get_tab2_results:44 - Database connection closed successfully
2025-08-28 09:17:44.884 | INFO     | data_layer.tab_2:get_tab2_results:13 - Starting database connection and query execution
2025-08-28 09:17:44.886 | INFO     | data_layer.tab_2:get_tab2_results:17 - Successfully connected to database: ExcelData on server: 192.168.0.45,1433
2025-08-28 09:17:44.886 | INFO     | data_layer.tab_2:get_tab2_results:28 - Executing query: q1
2025-08-28 09:17:45.066 | SUCCESS  | data_layer.tab_2:get_tab2_results:32 - Query q1 executed successfully. Rows returned: 5
2025-08-28 09:17:45.066 | INFO     | data_layer.tab_2:get_tab2_results:28 - Executing query: q2
2025-08-28 09:17:45.136 | SUCCESS  | data_layer.tab_2:get_tab2_results:32 - Query q2 executed successfully. Rows returned: 18
2025-08-28 09:17:45.137 | INFO     | data_layer.tab_2:get_tab2_results:28 - Executing query: q3
2025-08-28 09:17:45.222 | SUCCESS  | data_layer.tab_2:get_tab2_results:32 - Query q3 executed successfully. Rows returned: 55
2025-08-28 09:17:45.222 | INFO     | data_layer.tab_2:get_tab2_results:28 - Executing query: q4
2025-08-28 09:17:45.344 | SUCCESS  | data_layer.tab_2:get_tab2_results:32 - Query q4 executed successfully. Rows returned: 99
2025-08-28 09:17:45.344 | INFO     | data_layer.tab_2:get_tab2_results:39 - Query execution completed. Successful: 4, Failed: 0
2025-08-28 09:17:45.345 | INFO     | data_layer.tab_2:get_tab2_results:44 - Database connection closed successfully
2025-08-28 09:47:15.434 | INFO     | data_layer.tab_2:get_tab2_results:13 - Starting database connection and query execution
2025-08-28 09:47:15.434 | INFO     | data_layer.tab_2:get_tab2_results:17 - Successfully connected to database: ExcelData on server: 192.168.0.45,1433
2025-08-28 09:47:15.434 | INFO     | data_layer.tab_2:get_tab2_results:28 - Executing query: q1
2025-08-28 09:47:15.613 | SUCCESS  | data_layer.tab_2:get_tab2_results:32 - Query q1 executed successfully. Rows returned: 5
2025-08-28 09:47:15.613 | INFO     | data_layer.tab_2:get_tab2_results:28 - Executing query: q2
2025-08-28 09:47:15.689 | SUCCESS  | data_layer.tab_2:get_tab2_results:32 - Query q2 executed successfully. Rows returned: 18
2025-08-28 09:47:15.689 | INFO     | data_layer.tab_2:get_tab2_results:28 - Executing query: q3
2025-08-28 09:47:15.794 | SUCCESS  | data_layer.tab_2:get_tab2_results:32 - Query q3 executed successfully. Rows returned: 55
2025-08-28 09:47:15.795 | INFO     | data_layer.tab_2:get_tab2_results:28 - Executing query: q4
2025-08-28 09:47:15.907 | SUCCESS  | data_layer.tab_2:get_tab2_results:32 - Query q4 executed successfully. Rows returned: 99
2025-08-28 09:47:15.907 | INFO     | data_layer.tab_2:get_tab2_results:39 - Query execution completed. Successful: 4, Failed: 0
2025-08-28 09:47:15.908 | INFO     | data_layer.tab_2:get_tab2_results:44 - Database connection closed successfully
2025-08-28 09:50:52.171 | INFO     | data_layer.tab_2:get_tab2_results:13 - Starting database connection and query execution
2025-08-28 09:50:52.173 | INFO     | data_layer.tab_2:get_tab2_results:17 - Successfully connected to database: ExcelData on server: 192.168.0.45,1433
2025-08-28 09:50:52.173 | INFO     | data_layer.tab_2:get_tab2_results:28 - Executing query: q1
2025-08-28 09:50:52.408 | SUCCESS  | data_layer.tab_2:get_tab2_results:32 - Query q1 executed successfully. Rows returned: 5
2025-08-28 09:50:52.409 | INFO     | data_layer.tab_2:get_tab2_results:28 - Executing query: q2
2025-08-28 09:50:52.484 | SUCCESS  | data_layer.tab_2:get_tab2_results:32 - Query q2 executed successfully. Rows returned: 18
2025-08-28 09:50:52.484 | INFO     | data_layer.tab_2:get_tab2_results:28 - Executing query: q3
2025-08-28 09:50:52.584 | SUCCESS  | data_layer.tab_2:get_tab2_results:32 - Query q3 executed successfully. Rows returned: 55
2025-08-28 09:50:52.585 | INFO     | data_layer.tab_2:get_tab2_results:28 - Executing query: q4
2025-08-28 09:50:52.717 | SUCCESS  | data_layer.tab_2:get_tab2_results:32 - Query q4 executed successfully. Rows returned: 99
2025-08-28 09:50:52.717 | INFO     | data_layer.tab_2:get_tab2_results:39 - Query execution completed. Successful: 4, Failed: 0
2025-08-28 09:50:52.719 | INFO     | data_layer.tab_2:get_tab2_results:44 - Database connection closed successfully
2025-08-28 09:50:55.177 | INFO     | data_layer.tab_2:get_tab2_results:13 - Starting database connection and query execution
2025-08-28 09:50:55.177 | INFO     | data_layer.tab_2:get_tab2_results:17 - Successfully connected to database: ExcelData on server: 192.168.0.45,1433
2025-08-28 09:50:55.177 | INFO     | data_layer.tab_2:get_tab2_results:28 - Executing query: q1
2025-08-28 09:50:55.356 | SUCCESS  | data_layer.tab_2:get_tab2_results:32 - Query q1 executed successfully. Rows returned: 5
2025-08-28 09:50:55.356 | INFO     | data_layer.tab_2:get_tab2_results:28 - Executing query: q2
2025-08-28 09:50:55.436 | SUCCESS  | data_layer.tab_2:get_tab2_results:32 - Query q2 executed successfully. Rows returned: 18
2025-08-28 09:50:55.437 | INFO     | data_layer.tab_2:get_tab2_results:28 - Executing query: q3
2025-08-28 09:50:55.517 | SUCCESS  | data_layer.tab_2:get_tab2_results:32 - Query q3 executed successfully. Rows returned: 55
2025-08-28 09:50:55.518 | INFO     | data_layer.tab_2:get_tab2_results:28 - Executing query: q4
2025-08-28 09:50:55.606 | SUCCESS  | data_layer.tab_2:get_tab2_results:32 - Query q4 executed successfully. Rows returned: 99
2025-08-28 09:50:55.607 | INFO     | data_layer.tab_2:get_tab2_results:39 - Query execution completed. Successful: 4, Failed: 0
2025-08-28 09:50:55.607 | INFO     | data_layer.tab_2:get_tab2_results:44 - Database connection closed successfully
2025-08-28 09:52:58.548 | INFO     | data_layer.tab_2:get_tab2_results:13 - Starting database connection and query execution
2025-08-28 09:52:58.549 | INFO     | data_layer.tab_2:get_tab2_results:17 - Successfully connected to database: ExcelData on server: 192.168.0.45,1433
2025-08-28 09:52:58.549 | INFO     | data_layer.tab_2:get_tab2_results:28 - Executing query: q1
2025-08-28 09:52:58.988 | SUCCESS  | data_layer.tab_2:get_tab2_results:32 - Query q1 executed successfully. Rows returned: 5
2025-08-28 09:52:58.988 | INFO     | data_layer.tab_2:get_tab2_results:28 - Executing query: q2
2025-08-28 09:52:59.283 | SUCCESS  | data_layer.tab_2:get_tab2_results:32 - Query q2 executed successfully. Rows returned: 18
2025-08-28 09:52:59.284 | INFO     | data_layer.tab_2:get_tab2_results:28 - Executing query: q3
2025-08-28 09:52:59.506 | SUCCESS  | data_layer.tab_2:get_tab2_results:32 - Query q3 executed successfully. Rows returned: 55
2025-08-28 09:52:59.506 | INFO     | data_layer.tab_2:get_tab2_results:28 - Executing query: q4
2025-08-28 09:52:59.807 | SUCCESS  | data_layer.tab_2:get_tab2_results:32 - Query q4 executed successfully. Rows returned: 99
2025-08-28 09:52:59.807 | INFO     | data_layer.tab_2:get_tab2_results:39 - Query execution completed. Successful: 4, Failed: 0
2025-08-28 09:52:59.808 | INFO     | data_layer.tab_2:get_tab2_results:44 - Database connection closed successfully
2025-08-28 09:59:00.860 | INFO     | data_layer.tab_2:get_tab2_results:13 - Starting database connection and query execution
2025-08-28 09:59:00.861 | INFO     | data_layer.tab_2:get_tab2_results:17 - Successfully connected to database: ExcelData on server: 192.168.0.45,1433
2025-08-28 09:59:00.862 | INFO     | data_layer.tab_2:get_tab2_results:28 - Executing query: q1
2025-08-28 09:59:01.050 | SUCCESS  | data_layer.tab_2:get_tab2_results:32 - Query q1 executed successfully. Rows returned: 5
2025-08-28 09:59:01.051 | INFO     | data_layer.tab_2:get_tab2_results:28 - Executing query: q2
2025-08-28 09:59:01.132 | SUCCESS  | data_layer.tab_2:get_tab2_results:32 - Query q2 executed successfully. Rows returned: 18
2025-08-28 09:59:01.133 | INFO     | data_layer.tab_2:get_tab2_results:28 - Executing query: q3
2025-08-28 09:59:01.239 | SUCCESS  | data_layer.tab_2:get_tab2_results:32 - Query q3 executed successfully. Rows returned: 55
2025-08-28 09:59:01.240 | INFO     | data_layer.tab_2:get_tab2_results:28 - Executing query: q4
2025-08-28 09:59:01.357 | SUCCESS  | data_layer.tab_2:get_tab2_results:32 - Query q4 executed successfully. Rows returned: 99
2025-08-28 09:59:01.358 | INFO     | data_layer.tab_2:get_tab2_results:39 - Query execution completed. Successful: 4, Failed: 0
2025-08-28 09:59:01.359 | INFO     | data_layer.tab_2:get_tab2_results:44 - Database connection closed successfully
2025-08-28 09:59:35.776 | INFO     | data_layer.tab_2:get_tab2_results:13 - Starting database connection and query execution
2025-08-28 09:59:35.776 | INFO     | data_layer.tab_2:get_tab2_results:17 - Successfully connected to database: ExcelData on server: 192.168.0.45,1433
2025-08-28 09:59:35.776 | INFO     | data_layer.tab_2:get_tab2_results:28 - Executing query: q1
2025-08-28 09:59:35.961 | SUCCESS  | data_layer.tab_2:get_tab2_results:32 - Query q1 executed successfully. Rows returned: 5
2025-08-28 09:59:35.961 | INFO     | data_layer.tab_2:get_tab2_results:28 - Executing query: q2
2025-08-28 09:59:36.021 | SUCCESS  | data_layer.tab_2:get_tab2_results:32 - Query q2 executed successfully. Rows returned: 18
2025-08-28 09:59:36.022 | INFO     | data_layer.tab_2:get_tab2_results:28 - Executing query: q3
2025-08-28 09:59:36.093 | SUCCESS  | data_layer.tab_2:get_tab2_results:32 - Query q3 executed successfully. Rows returned: 55
2025-08-28 09:59:36.094 | INFO     | data_layer.tab_2:get_tab2_results:28 - Executing query: q4
2025-08-28 09:59:36.177 | SUCCESS  | data_layer.tab_2:get_tab2_results:32 - Query q4 executed successfully. Rows returned: 99
2025-08-28 09:59:36.178 | INFO     | data_layer.tab_2:get_tab2_results:39 - Query execution completed. Successful: 4, Failed: 0
2025-08-28 09:59:36.179 | INFO     | data_layer.tab_2:get_tab2_results:44 - Database connection closed successfully
2025-08-28 09:59:50.916 | INFO     | data_layer.tab_2:get_tab2_results:13 - Starting database connection and query execution
2025-08-28 09:59:50.919 | INFO     | data_layer.tab_2:get_tab2_results:17 - Successfully connected to database: ExcelData on server: 192.168.0.45,1433
2025-08-28 09:59:50.919 | INFO     | data_layer.tab_2:get_tab2_results:28 - Executing query: q1
2025-08-28 09:59:51.102 | SUCCESS  | data_layer.tab_2:get_tab2_results:32 - Query q1 executed successfully. Rows returned: 5
2025-08-28 09:59:51.103 | INFO     | data_layer.tab_2:get_tab2_results:28 - Executing query: q2
2025-08-28 09:59:51.151 | SUCCESS  | data_layer.tab_2:get_tab2_results:32 - Query q2 executed successfully. Rows returned: 18
2025-08-28 09:59:51.151 | INFO     | data_layer.tab_2:get_tab2_results:28 - Executing query: q3
2025-08-28 09:59:51.230 | SUCCESS  | data_layer.tab_2:get_tab2_results:32 - Query q3 executed successfully. Rows returned: 55
2025-08-28 09:59:51.230 | INFO     | data_layer.tab_2:get_tab2_results:28 - Executing query: q4
2025-08-28 09:59:51.361 | SUCCESS  | data_layer.tab_2:get_tab2_results:32 - Query q4 executed successfully. Rows returned: 99
2025-08-28 09:59:51.362 | INFO     | data_layer.tab_2:get_tab2_results:39 - Query execution completed. Successful: 4, Failed: 0
2025-08-28 09:59:51.362 | INFO     | data_layer.tab_2:get_tab2_results:44 - Database connection closed successfully
2025-08-28 10:03:08.625 | INFO     | data_layer.tab_2:get_tab2_results:13 - Starting database connection and query execution
2025-08-28 10:03:08.627 | INFO     | data_layer.tab_2:get_tab2_results:17 - Successfully connected to database: ExcelData on server: 192.168.0.45,1433
2025-08-28 10:03:08.627 | INFO     | data_layer.tab_2:get_tab2_results:28 - Executing query: q1
2025-08-28 10:03:08.802 | SUCCESS  | data_layer.tab_2:get_tab2_results:32 - Query q1 executed successfully. Rows returned: 5
2025-08-28 10:03:08.803 | INFO     | data_layer.tab_2:get_tab2_results:28 - Executing query: q2
2025-08-28 10:03:08.882 | SUCCESS  | data_layer.tab_2:get_tab2_results:32 - Query q2 executed successfully. Rows returned: 18
2025-08-28 10:03:08.883 | INFO     | data_layer.tab_2:get_tab2_results:28 - Executing query: q3
2025-08-28 10:03:08.983 | SUCCESS  | data_layer.tab_2:get_tab2_results:32 - Query q3 executed successfully. Rows returned: 55
2025-08-28 10:03:08.983 | INFO     | data_layer.tab_2:get_tab2_results:28 - Executing query: q4
2025-08-28 10:03:09.094 | SUCCESS  | data_layer.tab_2:get_tab2_results:32 - Query q4 executed successfully. Rows returned: 99
2025-08-28 10:03:09.094 | INFO     | data_layer.tab_2:get_tab2_results:39 - Query execution completed. Successful: 4, Failed: 0
2025-08-28 10:03:09.094 | INFO     | data_layer.tab_2:get_tab2_results:44 - Database connection closed successfully
2025-08-28 10:03:14.738 | INFO     | data_layer.tab_2:get_tab2_results:13 - Starting database connection and query execution
2025-08-28 10:03:14.739 | INFO     | data_layer.tab_2:get_tab2_results:17 - Successfully connected to database: ExcelData on server: 192.168.0.45,1433
2025-08-28 10:03:14.739 | INFO     | data_layer.tab_2:get_tab2_results:28 - Executing query: q1
2025-08-28 10:03:15.071 | SUCCESS  | data_layer.tab_2:get_tab2_results:32 - Query q1 executed successfully. Rows returned: 5
2025-08-28 10:03:15.071 | INFO     | data_layer.tab_2:get_tab2_results:28 - Executing query: q2
2025-08-28 10:03:15.145 | SUCCESS  | data_layer.tab_2:get_tab2_results:32 - Query q2 executed successfully. Rows returned: 18
2025-08-28 10:03:15.146 | INFO     | data_layer.tab_2:get_tab2_results:28 - Executing query: q3
2025-08-28 10:03:15.239 | SUCCESS  | data_layer.tab_2:get_tab2_results:32 - Query q3 executed successfully. Rows returned: 55
2025-08-28 10:03:15.239 | INFO     | data_layer.tab_2:get_tab2_results:28 - Executing query: q4
2025-08-28 10:03:15.327 | SUCCESS  | data_layer.tab_2:get_tab2_results:32 - Query q4 executed successfully. Rows returned: 99
2025-08-28 10:03:15.328 | INFO     | data_layer.tab_2:get_tab2_results:39 - Query execution completed. Successful: 4, Failed: 0
2025-08-28 10:03:15.328 | INFO     | data_layer.tab_2:get_tab2_results:44 - Database connection closed successfully
2025-08-28 10:03:32.308 | INFO     | data_layer.tab_2:get_tab2_results:13 - Starting database connection and query execution
2025-08-28 10:03:32.309 | INFO     | data_layer.tab_2:get_tab2_results:17 - Successfully connected to database: ExcelData on server: 192.168.0.45,1433
2025-08-28 10:03:32.309 | INFO     | data_layer.tab_2:get_tab2_results:28 - Executing query: q1
2025-08-28 10:03:32.482 | SUCCESS  | data_layer.tab_2:get_tab2_results:32 - Query q1 executed successfully. Rows returned: 5
2025-08-28 10:03:32.483 | INFO     | data_layer.tab_2:get_tab2_results:28 - Executing query: q2
2025-08-28 10:03:32.533 | SUCCESS  | data_layer.tab_2:get_tab2_results:32 - Query q2 executed successfully. Rows returned: 18
2025-08-28 10:03:32.533 | INFO     | data_layer.tab_2:get_tab2_results:28 - Executing query: q3
2025-08-28 10:03:32.600 | SUCCESS  | data_layer.tab_2:get_tab2_results:32 - Query q3 executed successfully. Rows returned: 55
2025-08-28 10:03:32.600 | INFO     | data_layer.tab_2:get_tab2_results:28 - Executing query: q4
2025-08-28 10:03:32.681 | SUCCESS  | data_layer.tab_2:get_tab2_results:32 - Query q4 executed successfully. Rows returned: 99
2025-08-28 10:03:32.681 | INFO     | data_layer.tab_2:get_tab2_results:39 - Query execution completed. Successful: 4, Failed: 0
2025-08-28 10:03:32.682 | INFO     | data_layer.tab_2:get_tab2_results:44 - Database connection closed successfully
2025-08-28 10:10:39.947 | INFO     | data_layer.tab_2:get_tab2_results:13 - Starting database connection and query execution
2025-08-28 10:10:39.949 | INFO     | data_layer.tab_2:get_tab2_results:17 - Successfully connected to database: ExcelData on server: 192.168.0.45,1433
2025-08-28 10:10:39.949 | INFO     | data_layer.tab_2:get_tab2_results:28 - Executing query: q1
2025-08-28 10:10:40.169 | SUCCESS  | data_layer.tab_2:get_tab2_results:32 - Query q1 executed successfully. Rows returned: 5
2025-08-28 10:10:40.170 | INFO     | data_layer.tab_2:get_tab2_results:28 - Executing query: q2
2025-08-28 10:10:40.258 | SUCCESS  | data_layer.tab_2:get_tab2_results:32 - Query q2 executed successfully. Rows returned: 18
2025-08-28 10:10:40.258 | INFO     | data_layer.tab_2:get_tab2_results:28 - Executing query: q3
2025-08-28 10:10:40.365 | SUCCESS  | data_layer.tab_2:get_tab2_results:32 - Query q3 executed successfully. Rows returned: 55
2025-08-28 10:10:40.365 | INFO     | data_layer.tab_2:get_tab2_results:28 - Executing query: q4
2025-08-28 10:10:40.503 | SUCCESS  | data_layer.tab_2:get_tab2_results:32 - Query q4 executed successfully. Rows returned: 99
2025-08-28 10:10:40.504 | INFO     | data_layer.tab_2:get_tab2_results:39 - Query execution completed. Successful: 4, Failed: 0
2025-08-28 10:10:40.504 | INFO     | data_layer.tab_2:get_tab2_results:44 - Database connection closed successfully
2025-08-28 10:12:26.482 | INFO     | data_layer.tab_2:get_tab2_results:13 - Starting database connection and query execution
2025-08-28 10:12:26.484 | INFO     | data_layer.tab_2:get_tab2_results:17 - Successfully connected to database: ExcelData on server: 192.168.0.45,1433
2025-08-28 10:12:26.484 | INFO     | data_layer.tab_2:get_tab2_results:28 - Executing query: q1
2025-08-28 10:12:27.516 | SUCCESS  | data_layer.tab_2:get_tab2_results:32 - Query q1 executed successfully. Rows returned: 5
2025-08-28 10:12:27.516 | INFO     | data_layer.tab_2:get_tab2_results:28 - Executing query: q2
2025-08-28 10:12:27.647 | SUCCESS  | data_layer.tab_2:get_tab2_results:32 - Query q2 executed successfully. Rows returned: 18
2025-08-28 10:12:27.647 | INFO     | data_layer.tab_2:get_tab2_results:28 - Executing query: q3
2025-08-28 10:12:27.739 | SUCCESS  | data_layer.tab_2:get_tab2_results:32 - Query q3 executed successfully. Rows returned: 55
2025-08-28 10:12:27.739 | INFO     | data_layer.tab_2:get_tab2_results:28 - Executing query: q4
2025-08-28 10:12:27.883 | SUCCESS  | data_layer.tab_2:get_tab2_results:32 - Query q4 executed successfully. Rows returned: 99
2025-08-28 10:12:27.884 | INFO     | data_layer.tab_2:get_tab2_results:39 - Query execution completed. Successful: 4, Failed: 0
2025-08-28 10:12:27.885 | INFO     | data_layer.tab_2:get_tab2_results:44 - Database connection closed successfully
2025-08-28 10:17:13.320 | INFO     | data_layer.tab_2:get_tab2_results:13 - Starting database connection and query execution
2025-08-28 10:17:13.322 | INFO     | data_layer.tab_2:get_tab2_results:17 - Successfully connected to database: ExcelData on server: 192.168.0.45,1433
2025-08-28 10:17:13.322 | INFO     | data_layer.tab_2:get_tab2_results:28 - Executing query: q1
2025-08-28 10:17:13.554 | SUCCESS  | data_layer.tab_2:get_tab2_results:32 - Query q1 executed successfully. Rows returned: 5
2025-08-28 10:17:13.555 | INFO     | data_layer.tab_2:get_tab2_results:28 - Executing query: q2
2025-08-28 10:17:13.644 | SUCCESS  | data_layer.tab_2:get_tab2_results:32 - Query q2 executed successfully. Rows returned: 18
2025-08-28 10:17:13.644 | INFO     | data_layer.tab_2:get_tab2_results:28 - Executing query: q3
2025-08-28 10:17:13.851 | SUCCESS  | data_layer.tab_2:get_tab2_results:32 - Query q3 executed successfully. Rows returned: 55
2025-08-28 10:17:13.852 | INFO     | data_layer.tab_2:get_tab2_results:28 - Executing query: q4
2025-08-28 10:17:13.985 | SUCCESS  | data_layer.tab_2:get_tab2_results:32 - Query q4 executed successfully. Rows returned: 99
2025-08-28 10:17:13.986 | INFO     | data_layer.tab_2:get_tab2_results:39 - Query execution completed. Successful: 4, Failed: 0
2025-08-28 10:17:13.987 | INFO     | data_layer.tab_2:get_tab2_results:44 - Database connection closed successfully
2025-08-28 10:21:14.874 | INFO     | data_layer.tab_2:get_tab2_results:13 - Starting database connection and query execution
2025-08-28 10:21:14.875 | INFO     | data_layer.tab_2:get_tab2_results:17 - Successfully connected to database: ExcelData on server: 192.168.0.45,1433
2025-08-28 10:21:14.875 | INFO     | data_layer.tab_2:get_tab2_results:28 - Executing query: q1
2025-08-28 10:21:15.100 | SUCCESS  | data_layer.tab_2:get_tab2_results:32 - Query q1 executed successfully. Rows returned: 5
2025-08-28 10:21:15.101 | INFO     | data_layer.tab_2:get_tab2_results:28 - Executing query: q2
2025-08-28 10:21:15.171 | SUCCESS  | data_layer.tab_2:get_tab2_results:32 - Query q2 executed successfully. Rows returned: 18
2025-08-28 10:21:15.172 | INFO     | data_layer.tab_2:get_tab2_results:28 - Executing query: q3
2025-08-28 10:21:15.290 | SUCCESS  | data_layer.tab_2:get_tab2_results:32 - Query q3 executed successfully. Rows returned: 55
2025-08-28 10:21:15.290 | INFO     | data_layer.tab_2:get_tab2_results:28 - Executing query: q4
2025-08-28 10:21:15.399 | SUCCESS  | data_layer.tab_2:get_tab2_results:32 - Query q4 executed successfully. Rows returned: 99
2025-08-28 10:21:15.399 | INFO     | data_layer.tab_2:get_tab2_results:39 - Query execution completed. Successful: 4, Failed: 0
2025-08-28 10:21:15.400 | INFO     | data_layer.tab_2:get_tab2_results:44 - Database connection closed successfully
2025-08-28 10:26:10.785 | INFO     | data_layer.tab_2:get_tab2_results:13 - Starting database connection and query execution
2025-08-28 10:26:10.785 | INFO     | data_layer.tab_2:get_tab2_results:17 - Successfully connected to database: ExcelData on server: 192.168.0.45,1433
2025-08-28 10:26:10.785 | INFO     | data_layer.tab_2:get_tab2_results:28 - Executing query: q1
2025-08-28 10:26:10.964 | SUCCESS  | data_layer.tab_2:get_tab2_results:32 - Query q1 executed successfully. Rows returned: 5
2025-08-28 10:26:10.964 | INFO     | data_layer.tab_2:get_tab2_results:28 - Executing query: q2
2025-08-28 10:26:11.040 | SUCCESS  | data_layer.tab_2:get_tab2_results:32 - Query q2 executed successfully. Rows returned: 18
2025-08-28 10:26:11.041 | INFO     | data_layer.tab_2:get_tab2_results:28 - Executing query: q3
2025-08-28 10:26:11.124 | SUCCESS  | data_layer.tab_2:get_tab2_results:32 - Query q3 executed successfully. Rows returned: 55
2025-08-28 10:26:11.124 | INFO     | data_layer.tab_2:get_tab2_results:28 - Executing query: q4
2025-08-28 10:26:11.241 | SUCCESS  | data_layer.tab_2:get_tab2_results:32 - Query q4 executed successfully. Rows returned: 99
2025-08-28 10:26:11.241 | INFO     | data_layer.tab_2:get_tab2_results:39 - Query execution completed. Successful: 4, Failed: 0
2025-08-28 10:26:11.242 | INFO     | data_layer.tab_2:get_tab2_results:44 - Database connection closed successfully
2025-08-28 10:29:19.809 | INFO     | data_layer.tab_2:get_tab2_results:13 - Starting database connection and query execution
2025-08-28 10:29:19.811 | INFO     | data_layer.tab_2:get_tab2_results:17 - Successfully connected to database: ExcelData on server: 192.168.0.45,1433
2025-08-28 10:29:19.811 | INFO     | data_layer.tab_2:get_tab2_results:28 - Executing query: q1
2025-08-28 10:29:20.095 | SUCCESS  | data_layer.tab_2:get_tab2_results:32 - Query q1 executed successfully. Rows returned: 5
2025-08-28 10:29:20.095 | INFO     | data_layer.tab_2:get_tab2_results:28 - Executing query: q2
2025-08-28 10:29:20.214 | SUCCESS  | data_layer.tab_2:get_tab2_results:32 - Query q2 executed successfully. Rows returned: 18
2025-08-28 10:29:20.214 | INFO     | data_layer.tab_2:get_tab2_results:28 - Executing query: q3
2025-08-28 10:29:20.317 | SUCCESS  | data_layer.tab_2:get_tab2_results:32 - Query q3 executed successfully. Rows returned: 55
2025-08-28 10:29:20.317 | INFO     | data_layer.tab_2:get_tab2_results:28 - Executing query: q4
2025-08-28 10:29:20.432 | SUCCESS  | data_layer.tab_2:get_tab2_results:32 - Query q4 executed successfully. Rows returned: 99
2025-08-28 10:29:20.433 | INFO     | data_layer.tab_2:get_tab2_results:39 - Query execution completed. Successful: 4, Failed: 0
2025-08-28 10:29:20.434 | INFO     | data_layer.tab_2:get_tab2_results:44 - Database connection closed successfully
2025-08-28 10:39:03.233 | INFO     | data_layer.tab_2:get_tab2_results:13 - Starting database connection and query execution
2025-08-28 10:39:03.234 | INFO     | data_layer.tab_2:get_tab2_results:17 - Successfully connected to database: ExcelData on server: 192.168.0.45,1433
2025-08-28 10:39:03.234 | INFO     | data_layer.tab_2:get_tab2_results:28 - Executing query: q1
2025-08-28 10:39:03.435 | SUCCESS  | data_layer.tab_2:get_tab2_results:32 - Query q1 executed successfully. Rows returned: 5
2025-08-28 10:39:03.436 | INFO     | data_layer.tab_2:get_tab2_results:28 - Executing query: q2
2025-08-28 10:39:03.518 | SUCCESS  | data_layer.tab_2:get_tab2_results:32 - Query q2 executed successfully. Rows returned: 18
2025-08-28 10:39:03.519 | INFO     | data_layer.tab_2:get_tab2_results:28 - Executing query: q3
2025-08-28 10:39:03.653 | SUCCESS  | data_layer.tab_2:get_tab2_results:32 - Query q3 executed successfully. Rows returned: 55
2025-08-28 10:39:03.654 | INFO     | data_layer.tab_2:get_tab2_results:28 - Executing query: q4
2025-08-28 10:39:03.792 | SUCCESS  | data_layer.tab_2:get_tab2_results:32 - Query q4 executed successfully. Rows returned: 99
2025-08-28 10:39:03.793 | INFO     | data_layer.tab_2:get_tab2_results:39 - Query execution completed. Successful: 4, Failed: 0
2025-08-28 10:39:03.794 | INFO     | data_layer.tab_2:get_tab2_results:44 - Database connection closed successfully
2025-08-28 10:39:34.133 | INFO     | data_layer.tab_2:get_tab2_results:13 - Starting database connection and query execution
2025-08-28 10:39:34.136 | INFO     | data_layer.tab_2:get_tab2_results:17 - Successfully connected to database: ExcelData on server: 192.168.0.45,1433
2025-08-28 10:39:34.136 | INFO     | data_layer.tab_2:get_tab2_results:28 - Executing query: q1
2025-08-28 10:39:34.397 | SUCCESS  | data_layer.tab_2:get_tab2_results:32 - Query q1 executed successfully. Rows returned: 5
2025-08-28 10:39:34.398 | INFO     | data_layer.tab_2:get_tab2_results:28 - Executing query: q2
2025-08-28 10:39:34.461 | SUCCESS  | data_layer.tab_2:get_tab2_results:32 - Query q2 executed successfully. Rows returned: 18
2025-08-28 10:39:34.461 | INFO     | data_layer.tab_2:get_tab2_results:28 - Executing query: q3
2025-08-28 10:39:34.550 | SUCCESS  | data_layer.tab_2:get_tab2_results:32 - Query q3 executed successfully. Rows returned: 55
2025-08-28 10:39:34.551 | INFO     | data_layer.tab_2:get_tab2_results:28 - Executing query: q4
2025-08-28 10:39:34.764 | SUCCESS  | data_layer.tab_2:get_tab2_results:32 - Query q4 executed successfully. Rows returned: 99
2025-08-28 10:39:34.764 | INFO     | data_layer.tab_2:get_tab2_results:39 - Query execution completed. Successful: 4, Failed: 0
2025-08-28 10:39:34.765 | INFO     | data_layer.tab_2:get_tab2_results:44 - Database connection closed successfully
2025-08-28 10:40:03.532 | INFO     | data_layer.tab_2:get_tab2_results:13 - Starting database connection and query execution
2025-08-28 10:40:03.533 | INFO     | data_layer.tab_2:get_tab2_results:17 - Successfully connected to database: ExcelData on server: 192.168.0.45,1433
2025-08-28 10:40:03.533 | INFO     | data_layer.tab_2:get_tab2_results:28 - Executing query: q1
2025-08-28 10:40:03.755 | SUCCESS  | data_layer.tab_2:get_tab2_results:32 - Query q1 executed successfully. Rows returned: 5
2025-08-28 10:40:03.755 | INFO     | data_layer.tab_2:get_tab2_results:28 - Executing query: q2
2025-08-28 10:40:03.829 | SUCCESS  | data_layer.tab_2:get_tab2_results:32 - Query q2 executed successfully. Rows returned: 18
2025-08-28 10:40:03.829 | INFO     | data_layer.tab_2:get_tab2_results:28 - Executing query: q3
2025-08-28 10:40:03.962 | SUCCESS  | data_layer.tab_2:get_tab2_results:32 - Query q3 executed successfully. Rows returned: 55
2025-08-28 10:40:03.962 | INFO     | data_layer.tab_2:get_tab2_results:28 - Executing query: q4
2025-08-28 10:40:04.078 | SUCCESS  | data_layer.tab_2:get_tab2_results:32 - Query q4 executed successfully. Rows returned: 99
2025-08-28 10:40:04.079 | INFO     | data_layer.tab_2:get_tab2_results:39 - Query execution completed. Successful: 4, Failed: 0
2025-08-28 10:40:04.079 | INFO     | data_layer.tab_2:get_tab2_results:44 - Database connection closed successfully
2025-08-28 10:44:49.339 | INFO     | data_layer.tab_2:get_tab2_results:13 - Starting database connection and query execution
2025-08-28 10:44:49.340 | INFO     | data_layer.tab_2:get_tab2_results:17 - Successfully connected to database: ExcelData on server: 192.168.0.45,1433
2025-08-28 10:44:49.340 | INFO     | data_layer.tab_2:get_tab2_results:28 - Executing query: q1
2025-08-28 10:44:49.656 | SUCCESS  | data_layer.tab_2:get_tab2_results:32 - Query q1 executed successfully. Rows returned: 5
2025-08-28 10:44:49.656 | INFO     | data_layer.tab_2:get_tab2_results:28 - Executing query: q2
2025-08-28 10:44:49.736 | SUCCESS  | data_layer.tab_2:get_tab2_results:32 - Query q2 executed successfully. Rows returned: 18
2025-08-28 10:44:49.736 | INFO     | data_layer.tab_2:get_tab2_results:28 - Executing query: q3
2025-08-28 10:44:49.841 | SUCCESS  | data_layer.tab_2:get_tab2_results:32 - Query q3 executed successfully. Rows returned: 55
2025-08-28 10:44:49.842 | INFO     | data_layer.tab_2:get_tab2_results:28 - Executing query: q4
2025-08-28 10:44:49.969 | SUCCESS  | data_layer.tab_2:get_tab2_results:32 - Query q4 executed successfully. Rows returned: 99
2025-08-28 10:44:49.970 | INFO     | data_layer.tab_2:get_tab2_results:39 - Query execution completed. Successful: 4, Failed: 0
2025-08-28 10:44:49.970 | INFO     | data_layer.tab_2:get_tab2_results:44 - Database connection closed successfully
2025-08-28 10:45:09.946 | INFO     | data_layer.tab_2:get_tab2_results:13 - Starting database connection and query execution
2025-08-28 10:45:09.947 | INFO     | data_layer.tab_2:get_tab2_results:17 - Successfully connected to database: ExcelData on server: 192.168.0.45,1433
2025-08-28 10:45:09.948 | INFO     | data_layer.tab_2:get_tab2_results:28 - Executing query: q1
2025-08-28 10:45:10.134 | SUCCESS  | data_layer.tab_2:get_tab2_results:32 - Query q1 executed successfully. Rows returned: 5
2025-08-28 10:45:10.135 | INFO     | data_layer.tab_2:get_tab2_results:28 - Executing query: q2
2025-08-28 10:45:10.188 | SUCCESS  | data_layer.tab_2:get_tab2_results:32 - Query q2 executed successfully. Rows returned: 18
2025-08-28 10:45:10.188 | INFO     | data_layer.tab_2:get_tab2_results:28 - Executing query: q3
2025-08-28 10:45:10.256 | SUCCESS  | data_layer.tab_2:get_tab2_results:32 - Query q3 executed successfully. Rows returned: 55
2025-08-28 10:45:10.256 | INFO     | data_layer.tab_2:get_tab2_results:28 - Executing query: q4
2025-08-28 10:45:10.341 | SUCCESS  | data_layer.tab_2:get_tab2_results:32 - Query q4 executed successfully. Rows returned: 99
2025-08-28 10:45:10.342 | INFO     | data_layer.tab_2:get_tab2_results:39 - Query execution completed. Successful: 4, Failed: 0
2025-08-28 10:45:10.343 | INFO     | data_layer.tab_2:get_tab2_results:44 - Database connection closed successfully
2025-08-28 10:47:37.174 | INFO     | data_layer.tab_2:get_tab2_results:13 - Starting database connection and query execution
2025-08-28 10:47:37.175 | INFO     | data_layer.tab_2:get_tab2_results:17 - Successfully connected to database: ExcelData on server: 192.168.0.45,1433
2025-08-28 10:47:37.176 | INFO     | data_layer.tab_2:get_tab2_results:28 - Executing query: q1
2025-08-28 10:47:37.357 | SUCCESS  | data_layer.tab_2:get_tab2_results:32 - Query q1 executed successfully. Rows returned: 5
2025-08-28 10:47:37.358 | INFO     | data_layer.tab_2:get_tab2_results:28 - Executing query: q2
2025-08-28 10:47:37.436 | SUCCESS  | data_layer.tab_2:get_tab2_results:32 - Query q2 executed successfully. Rows returned: 18
2025-08-28 10:47:37.437 | INFO     | data_layer.tab_2:get_tab2_results:28 - Executing query: q3
2025-08-28 10:47:37.521 | SUCCESS  | data_layer.tab_2:get_tab2_results:32 - Query q3 executed successfully. Rows returned: 55
2025-08-28 10:47:37.522 | INFO     | data_layer.tab_2:get_tab2_results:28 - Executing query: q4
2025-08-28 10:47:37.643 | SUCCESS  | data_layer.tab_2:get_tab2_results:32 - Query q4 executed successfully. Rows returned: 99
2025-08-28 10:47:37.644 | INFO     | data_layer.tab_2:get_tab2_results:39 - Query execution completed. Successful: 4, Failed: 0
2025-08-28 10:47:37.645 | INFO     | data_layer.tab_2:get_tab2_results:44 - Database connection closed successfully
2025-08-28 10:48:00.333 | INFO     | data_layer.tab_2:get_tab2_results:13 - Starting database connection and query execution
2025-08-28 10:48:00.334 | INFO     | data_layer.tab_2:get_tab2_results:17 - Successfully connected to database: ExcelData on server: 192.168.0.45,1433
2025-08-28 10:48:00.334 | INFO     | data_layer.tab_2:get_tab2_results:28 - Executing query: q1
2025-08-28 10:48:00.498 | SUCCESS  | data_layer.tab_2:get_tab2_results:32 - Query q1 executed successfully. Rows returned: 5
2025-08-28 10:48:00.498 | INFO     | data_layer.tab_2:get_tab2_results:28 - Executing query: q2
2025-08-28 10:48:00.541 | SUCCESS  | data_layer.tab_2:get_tab2_results:32 - Query q2 executed successfully. Rows returned: 18
2025-08-28 10:48:00.542 | INFO     | data_layer.tab_2:get_tab2_results:28 - Executing query: q3
2025-08-28 10:48:00.608 | SUCCESS  | data_layer.tab_2:get_tab2_results:32 - Query q3 executed successfully. Rows returned: 55
2025-08-28 10:48:00.609 | INFO     | data_layer.tab_2:get_tab2_results:28 - Executing query: q4
2025-08-28 10:48:00.694 | SUCCESS  | data_layer.tab_2:get_tab2_results:32 - Query q4 executed successfully. Rows returned: 99
2025-08-28 10:48:00.695 | INFO     | data_layer.tab_2:get_tab2_results:39 - Query execution completed. Successful: 4, Failed: 0
2025-08-28 10:48:00.696 | INFO     | data_layer.tab_2:get_tab2_results:44 - Database connection closed successfully
2025-08-28 10:49:18.641 | INFO     | data_layer.tab_2:get_tab2_results:13 - Starting database connection and query execution
2025-08-28 10:49:18.643 | INFO     | data_layer.tab_2:get_tab2_results:17 - Successfully connected to database: ExcelData on server: 192.168.0.45,1433
2025-08-28 10:49:18.643 | INFO     | data_layer.tab_2:get_tab2_results:28 - Executing query: q1
2025-08-28 10:49:18.871 | SUCCESS  | data_layer.tab_2:get_tab2_results:32 - Query q1 executed successfully. Rows returned: 5
2025-08-28 10:49:18.872 | INFO     | data_layer.tab_2:get_tab2_results:28 - Executing query: q2
2025-08-28 10:49:18.949 | SUCCESS  | data_layer.tab_2:get_tab2_results:32 - Query q2 executed successfully. Rows returned: 18
2025-08-28 10:49:18.949 | INFO     | data_layer.tab_2:get_tab2_results:28 - Executing query: q3
2025-08-28 10:49:19.036 | SUCCESS  | data_layer.tab_2:get_tab2_results:32 - Query q3 executed successfully. Rows returned: 55
2025-08-28 10:49:19.037 | INFO     | data_layer.tab_2:get_tab2_results:28 - Executing query: q4
2025-08-28 10:49:19.169 | SUCCESS  | data_layer.tab_2:get_tab2_results:32 - Query q4 executed successfully. Rows returned: 99
2025-08-28 10:49:19.169 | INFO     | data_layer.tab_2:get_tab2_results:39 - Query execution completed. Successful: 4, Failed: 0
2025-08-28 10:49:19.170 | INFO     | data_layer.tab_2:get_tab2_results:44 - Database connection closed successfully
2025-08-28 10:53:10.005 | INFO     | data_layer.tab_2:get_tab2_results:13 - Starting database connection and query execution
2025-08-28 10:53:10.007 | INFO     | data_layer.tab_2:get_tab2_results:17 - Successfully connected to database: ExcelData on server: 192.168.0.45,1433
2025-08-28 10:53:10.007 | INFO     | data_layer.tab_2:get_tab2_results:28 - Executing query: q1
2025-08-28 10:53:10.194 | SUCCESS  | data_layer.tab_2:get_tab2_results:32 - Query q1 executed successfully. Rows returned: 5
2025-08-28 10:53:10.195 | INFO     | data_layer.tab_2:get_tab2_results:28 - Executing query: q2
2025-08-28 10:53:10.259 | SUCCESS  | data_layer.tab_2:get_tab2_results:32 - Query q2 executed successfully. Rows returned: 18
2025-08-28 10:53:10.260 | INFO     | data_layer.tab_2:get_tab2_results:28 - Executing query: q3
2025-08-28 10:53:10.337 | SUCCESS  | data_layer.tab_2:get_tab2_results:32 - Query q3 executed successfully. Rows returned: 55
2025-08-28 10:53:10.338 | INFO     | data_layer.tab_2:get_tab2_results:28 - Executing query: q4
2025-08-28 10:53:10.454 | SUCCESS  | data_layer.tab_2:get_tab2_results:32 - Query q4 executed successfully. Rows returned: 99
2025-08-28 10:53:10.455 | INFO     | data_layer.tab_2:get_tab2_results:39 - Query execution completed. Successful: 4, Failed: 0
2025-08-28 10:53:10.456 | INFO     | data_layer.tab_2:get_tab2_results:44 - Database connection closed successfully
2025-08-28 10:53:33.184 | INFO     | data_layer.tab_2:get_tab2_results:13 - Starting database connection and query execution
2025-08-28 10:53:33.186 | INFO     | data_layer.tab_2:get_tab2_results:17 - Successfully connected to database: ExcelData on server: 192.168.0.45,1433
2025-08-28 10:53:33.186 | INFO     | data_layer.tab_2:get_tab2_results:28 - Executing query: q1
2025-08-28 10:53:33.350 | SUCCESS  | data_layer.tab_2:get_tab2_results:32 - Query q1 executed successfully. Rows returned: 5
2025-08-28 10:53:33.350 | INFO     | data_layer.tab_2:get_tab2_results:28 - Executing query: q2
2025-08-28 10:53:33.417 | SUCCESS  | data_layer.tab_2:get_tab2_results:32 - Query q2 executed successfully. Rows returned: 18
2025-08-28 10:53:33.417 | INFO     | data_layer.tab_2:get_tab2_results:28 - Executing query: q3
2025-08-28 10:53:33.514 | SUCCESS  | data_layer.tab_2:get_tab2_results:32 - Query q3 executed successfully. Rows returned: 55
2025-08-28 10:53:33.514 | INFO     | data_layer.tab_2:get_tab2_results:28 - Executing query: q4
2025-08-28 10:53:33.639 | SUCCESS  | data_layer.tab_2:get_tab2_results:32 - Query q4 executed successfully. Rows returned: 99
2025-08-28 10:53:33.640 | INFO     | data_layer.tab_2:get_tab2_results:39 - Query execution completed. Successful: 4, Failed: 0
2025-08-28 10:53:33.641 | INFO     | data_layer.tab_2:get_tab2_results:44 - Database connection closed successfully
2025-08-28 10:54:08.452 | INFO     | data_layer.tab_2:get_tab2_results:13 - Starting database connection and query execution
2025-08-28 10:54:08.454 | INFO     | data_layer.tab_2:get_tab2_results:17 - Successfully connected to database: ExcelData on server: 192.168.0.45,1433
2025-08-28 10:54:08.454 | INFO     | data_layer.tab_2:get_tab2_results:28 - Executing query: q1
2025-08-28 10:54:08.644 | SUCCESS  | data_layer.tab_2:get_tab2_results:32 - Query q1 executed successfully. Rows returned: 5
2025-08-28 10:54:08.645 | INFO     | data_layer.tab_2:get_tab2_results:28 - Executing query: q2
2025-08-28 10:54:08.728 | SUCCESS  | data_layer.tab_2:get_tab2_results:32 - Query q2 executed successfully. Rows returned: 18
2025-08-28 10:54:08.728 | INFO     | data_layer.tab_2:get_tab2_results:28 - Executing query: q3
2025-08-28 10:54:08.828 | SUCCESS  | data_layer.tab_2:get_tab2_results:32 - Query q3 executed successfully. Rows returned: 55
2025-08-28 10:54:08.829 | INFO     | data_layer.tab_2:get_tab2_results:28 - Executing query: q4
2025-08-28 10:54:08.968 | SUCCESS  | data_layer.tab_2:get_tab2_results:32 - Query q4 executed successfully. Rows returned: 99
2025-08-28 10:54:08.969 | INFO     | data_layer.tab_2:get_tab2_results:39 - Query execution completed. Successful: 4, Failed: 0
2025-08-28 10:54:08.969 | INFO     | data_layer.tab_2:get_tab2_results:44 - Database connection closed successfully
2025-08-28 10:54:20.716 | INFO     | data_layer.tab_2:get_tab2_results:13 - Starting database connection and query execution
2025-08-28 10:54:20.718 | INFO     | data_layer.tab_2:get_tab2_results:17 - Successfully connected to database: ExcelData on server: 192.168.0.45,1433
2025-08-28 10:54:20.718 | INFO     | data_layer.tab_2:get_tab2_results:28 - Executing query: q1
2025-08-28 10:54:20.922 | SUCCESS  | data_layer.tab_2:get_tab2_results:32 - Query q1 executed successfully. Rows returned: 5
2025-08-28 10:54:20.923 | INFO     | data_layer.tab_2:get_tab2_results:28 - Executing query: q2
2025-08-28 10:54:20.987 | SUCCESS  | data_layer.tab_2:get_tab2_results:32 - Query q2 executed successfully. Rows returned: 18
2025-08-28 10:54:20.987 | INFO     | data_layer.tab_2:get_tab2_results:28 - Executing query: q3
2025-08-28 10:54:21.063 | SUCCESS  | data_layer.tab_2:get_tab2_results:32 - Query q3 executed successfully. Rows returned: 55
2025-08-28 10:54:21.063 | INFO     | data_layer.tab_2:get_tab2_results:28 - Executing query: q4
2025-08-28 10:54:21.137 | SUCCESS  | data_layer.tab_2:get_tab2_results:32 - Query q4 executed successfully. Rows returned: 99
2025-08-28 10:54:21.137 | INFO     | data_layer.tab_2:get_tab2_results:39 - Query execution completed. Successful: 4, Failed: 0
2025-08-28 10:54:21.137 | INFO     | data_layer.tab_2:get_tab2_results:44 - Database connection closed successfully
2025-08-28 10:54:31.904 | INFO     | data_layer.tab_2:get_tab2_results:13 - Starting database connection and query execution
2025-08-28 10:54:31.905 | INFO     | data_layer.tab_2:get_tab2_results:17 - Successfully connected to database: ExcelData on server: 192.168.0.45,1433
2025-08-28 10:54:31.905 | INFO     | data_layer.tab_2:get_tab2_results:28 - Executing query: q1
2025-08-28 10:54:32.457 | SUCCESS  | data_layer.tab_2:get_tab2_results:32 - Query q1 executed successfully. Rows returned: 5
2025-08-28 10:54:32.457 | INFO     | data_layer.tab_2:get_tab2_results:28 - Executing query: q2
2025-08-28 10:54:32.663 | SUCCESS  | data_layer.tab_2:get_tab2_results:32 - Query q2 executed successfully. Rows returned: 18
2025-08-28 10:54:32.663 | INFO     | data_layer.tab_2:get_tab2_results:28 - Executing query: q3
2025-08-28 10:54:32.736 | SUCCESS  | data_layer.tab_2:get_tab2_results:32 - Query q3 executed successfully. Rows returned: 55
2025-08-28 10:54:32.736 | INFO     | data_layer.tab_2:get_tab2_results:28 - Executing query: q4
2025-08-28 10:54:32.967 | SUCCESS  | data_layer.tab_2:get_tab2_results:32 - Query q4 executed successfully. Rows returned: 99
2025-08-28 10:54:32.967 | INFO     | data_layer.tab_2:get_tab2_results:39 - Query execution completed. Successful: 4, Failed: 0
2025-08-28 10:54:32.968 | INFO     | data_layer.tab_2:get_tab2_results:44 - Database connection closed successfully
2025-08-28 10:54:46.357 | INFO     | data_layer.tab_2:get_tab2_results:13 - Starting database connection and query execution
2025-08-28 10:54:46.359 | INFO     | data_layer.tab_2:get_tab2_results:17 - Successfully connected to database: ExcelData on server: 192.168.0.45,1433
2025-08-28 10:54:46.359 | INFO     | data_layer.tab_2:get_tab2_results:28 - Executing query: q1
2025-08-28 10:54:46.794 | SUCCESS  | data_layer.tab_2:get_tab2_results:32 - Query q1 executed successfully. Rows returned: 5
2025-08-28 10:54:46.795 | INFO     | data_layer.tab_2:get_tab2_results:28 - Executing query: q2
2025-08-28 10:54:46.869 | SUCCESS  | data_layer.tab_2:get_tab2_results:32 - Query q2 executed successfully. Rows returned: 18
2025-08-28 10:54:46.869 | INFO     | data_layer.tab_2:get_tab2_results:28 - Executing query: q3
2025-08-28 10:54:47.077 | SUCCESS  | data_layer.tab_2:get_tab2_results:32 - Query q3 executed successfully. Rows returned: 55
2025-08-28 10:54:47.078 | INFO     | data_layer.tab_2:get_tab2_results:28 - Executing query: q4
2025-08-28 10:54:47.259 | SUCCESS  | data_layer.tab_2:get_tab2_results:32 - Query q4 executed successfully. Rows returned: 99
2025-08-28 10:54:47.260 | INFO     | data_layer.tab_2:get_tab2_results:39 - Query execution completed. Successful: 4, Failed: 0
2025-08-28 10:54:47.261 | INFO     | data_layer.tab_2:get_tab2_results:44 - Database connection closed successfully
2025-08-28 10:55:32.666 | INFO     | data_layer.tab_2:get_tab2_results:13 - Starting database connection and query execution
2025-08-28 10:55:32.668 | INFO     | data_layer.tab_2:get_tab2_results:17 - Successfully connected to database: ExcelData on server: 192.168.0.45,1433
2025-08-28 10:55:32.668 | INFO     | data_layer.tab_2:get_tab2_results:28 - Executing query: q1
2025-08-28 10:55:32.933 | SUCCESS  | data_layer.tab_2:get_tab2_results:32 - Query q1 executed successfully. Rows returned: 5
2025-08-28 10:55:32.934 | INFO     | data_layer.tab_2:get_tab2_results:28 - Executing query: q2
2025-08-28 10:55:33.014 | SUCCESS  | data_layer.tab_2:get_tab2_results:32 - Query q2 executed successfully. Rows returned: 18
2025-08-28 10:55:33.014 | INFO     | data_layer.tab_2:get_tab2_results:28 - Executing query: q3
2025-08-28 10:55:33.102 | SUCCESS  | data_layer.tab_2:get_tab2_results:32 - Query q3 executed successfully. Rows returned: 55
2025-08-28 10:55:33.102 | INFO     | data_layer.tab_2:get_tab2_results:28 - Executing query: q4
2025-08-28 10:55:33.218 | SUCCESS  | data_layer.tab_2:get_tab2_results:32 - Query q4 executed successfully. Rows returned: 99
2025-08-28 10:55:33.219 | INFO     | data_layer.tab_2:get_tab2_results:39 - Query execution completed. Successful: 4, Failed: 0
2025-08-28 10:55:33.220 | INFO     | data_layer.tab_2:get_tab2_results:44 - Database connection closed successfully
2025-08-28 10:59:24.372 | INFO     | data_layer.tab_2:get_tab2_results:13 - Starting database connection and query execution
2025-08-28 10:59:24.373 | INFO     | data_layer.tab_2:get_tab2_results:17 - Successfully connected to database: ExcelData on server: 192.168.0.45,1433
2025-08-28 10:59:24.373 | INFO     | data_layer.tab_2:get_tab2_results:28 - Executing query: q1
2025-08-28 10:59:24.594 | SUCCESS  | data_layer.tab_2:get_tab2_results:32 - Query q1 executed successfully. Rows returned: 5
2025-08-28 10:59:24.594 | INFO     | data_layer.tab_2:get_tab2_results:28 - Executing query: q2
2025-08-28 10:59:24.666 | SUCCESS  | data_layer.tab_2:get_tab2_results:32 - Query q2 executed successfully. Rows returned: 18
2025-08-28 10:59:24.666 | INFO     | data_layer.tab_2:get_tab2_results:28 - Executing query: q3
2025-08-28 10:59:24.753 | SUCCESS  | data_layer.tab_2:get_tab2_results:32 - Query q3 executed successfully. Rows returned: 55
2025-08-28 10:59:24.754 | INFO     | data_layer.tab_2:get_tab2_results:28 - Executing query: q4
2025-08-28 10:59:24.870 | SUCCESS  | data_layer.tab_2:get_tab2_results:32 - Query q4 executed successfully. Rows returned: 99
2025-08-28 10:59:24.870 | INFO     | data_layer.tab_2:get_tab2_results:39 - Query execution completed. Successful: 4, Failed: 0
2025-08-28 10:59:24.871 | INFO     | data_layer.tab_2:get_tab2_results:44 - Database connection closed successfully
2025-08-28 10:59:59.448 | INFO     | data_layer.tab_2:get_tab2_results:13 - Starting database connection and query execution
2025-08-28 10:59:59.448 | INFO     | data_layer.tab_2:get_tab2_results:17 - Successfully connected to database: ExcelData on server: 192.168.0.45,1433
2025-08-28 10:59:59.448 | INFO     | data_layer.tab_2:get_tab2_results:28 - Executing query: q1
2025-08-28 10:59:59.653 | SUCCESS  | data_layer.tab_2:get_tab2_results:32 - Query q1 executed successfully. Rows returned: 5
2025-08-28 10:59:59.654 | INFO     | data_layer.tab_2:get_tab2_results:28 - Executing query: q2
2025-08-28 10:59:59.733 | SUCCESS  | data_layer.tab_2:get_tab2_results:32 - Query q2 executed successfully. Rows returned: 18
2025-08-28 10:59:59.734 | INFO     | data_layer.tab_2:get_tab2_results:28 - Executing query: q3
2025-08-28 10:59:59.916 | SUCCESS  | data_layer.tab_2:get_tab2_results:32 - Query q3 executed successfully. Rows returned: 55
2025-08-28 10:59:59.917 | INFO     | data_layer.tab_2:get_tab2_results:28 - Executing query: q4
2025-08-28 11:00:00.057 | SUCCESS  | data_layer.tab_2:get_tab2_results:32 - Query q4 executed successfully. Rows returned: 99
2025-08-28 11:00:00.057 | INFO     | data_layer.tab_2:get_tab2_results:39 - Query execution completed. Successful: 4, Failed: 0
2025-08-28 11:00:00.058 | INFO     | data_layer.tab_2:get_tab2_results:44 - Database connection closed successfully
2025-08-28 11:01:00.372 | INFO     | data_layer.tab_2:get_tab2_results:13 - Starting database connection and query execution
2025-08-28 11:01:00.372 | INFO     | data_layer.tab_2:get_tab2_results:17 - Successfully connected to database: ExcelData on server: 192.168.0.45,1433
2025-08-28 11:01:00.372 | INFO     | data_layer.tab_2:get_tab2_results:28 - Executing query: q1
2025-08-28 11:01:00.557 | SUCCESS  | data_layer.tab_2:get_tab2_results:32 - Query q1 executed successfully. Rows returned: 5
2025-08-28 11:01:00.557 | INFO     | data_layer.tab_2:get_tab2_results:28 - Executing query: q2
2025-08-28 11:01:00.621 | SUCCESS  | data_layer.tab_2:get_tab2_results:32 - Query q2 executed successfully. Rows returned: 18
2025-08-28 11:01:00.622 | INFO     | data_layer.tab_2:get_tab2_results:28 - Executing query: q3
2025-08-28 11:01:00.697 | SUCCESS  | data_layer.tab_2:get_tab2_results:32 - Query q3 executed successfully. Rows returned: 55
2025-08-28 11:01:00.698 | INFO     | data_layer.tab_2:get_tab2_results:28 - Executing query: q4
2025-08-28 11:01:00.809 | SUCCESS  | data_layer.tab_2:get_tab2_results:32 - Query q4 executed successfully. Rows returned: 99
2025-08-28 11:01:00.809 | INFO     | data_layer.tab_2:get_tab2_results:39 - Query execution completed. Successful: 4, Failed: 0
2025-08-28 11:01:00.809 | INFO     | data_layer.tab_2:get_tab2_results:44 - Database connection closed successfully
2025-08-28 11:02:43.087 | INFO     | data_layer.tab_2:get_tab2_results:13 - Starting database connection and query execution
2025-08-28 11:02:43.089 | INFO     | data_layer.tab_2:get_tab2_results:17 - Successfully connected to database: ExcelData on server: 192.168.0.45,1433
2025-08-28 11:02:43.089 | INFO     | data_layer.tab_2:get_tab2_results:28 - Executing query: q1
2025-08-28 11:02:43.269 | SUCCESS  | data_layer.tab_2:get_tab2_results:32 - Query q1 executed successfully. Rows returned: 5
2025-08-28 11:02:43.270 | INFO     | data_layer.tab_2:get_tab2_results:28 - Executing query: q2
2025-08-28 11:02:43.351 | SUCCESS  | data_layer.tab_2:get_tab2_results:32 - Query q2 executed successfully. Rows returned: 18
2025-08-28 11:02:43.352 | INFO     | data_layer.tab_2:get_tab2_results:28 - Executing query: q3
2025-08-28 11:02:43.457 | SUCCESS  | data_layer.tab_2:get_tab2_results:32 - Query q3 executed successfully. Rows returned: 55
2025-08-28 11:02:43.458 | INFO     | data_layer.tab_2:get_tab2_results:28 - Executing query: q4
2025-08-28 11:02:43.554 | SUCCESS  | data_layer.tab_2:get_tab2_results:32 - Query q4 executed successfully. Rows returned: 99
2025-08-28 11:02:43.554 | INFO     | data_layer.tab_2:get_tab2_results:39 - Query execution completed. Successful: 4, Failed: 0
2025-08-28 11:02:43.554 | INFO     | data_layer.tab_2:get_tab2_results:44 - Database connection closed successfully
2025-08-28 11:04:35.974 | INFO     | data_layer.tab_2:get_tab2_results:13 - Starting database connection and query execution
2025-08-28 11:04:35.975 | INFO     | data_layer.tab_2:get_tab2_results:17 - Successfully connected to database: ExcelData on server: 192.168.0.45,1433
2025-08-28 11:04:35.975 | INFO     | data_layer.tab_2:get_tab2_results:28 - Executing query: q1
2025-08-28 11:04:36.146 | SUCCESS  | data_layer.tab_2:get_tab2_results:32 - Query q1 executed successfully. Rows returned: 5
2025-08-28 11:04:36.146 | INFO     | data_layer.tab_2:get_tab2_results:28 - Executing query: q2
2025-08-28 11:04:36.212 | SUCCESS  | data_layer.tab_2:get_tab2_results:32 - Query q2 executed successfully. Rows returned: 18
2025-08-28 11:04:36.212 | INFO     | data_layer.tab_2:get_tab2_results:28 - Executing query: q3
2025-08-28 11:04:36.298 | SUCCESS  | data_layer.tab_2:get_tab2_results:32 - Query q3 executed successfully. Rows returned: 55
2025-08-28 11:04:36.299 | INFO     | data_layer.tab_2:get_tab2_results:28 - Executing query: q4
2025-08-28 11:04:36.403 | SUCCESS  | data_layer.tab_2:get_tab2_results:32 - Query q4 executed successfully. Rows returned: 99
2025-08-28 11:04:36.404 | INFO     | data_layer.tab_2:get_tab2_results:39 - Query execution completed. Successful: 4, Failed: 0
2025-08-28 11:04:36.404 | INFO     | data_layer.tab_2:get_tab2_results:44 - Database connection closed successfully
2025-08-28 11:05:04.223 | INFO     | data_layer.tab_2:get_tab2_results:13 - Starting database connection and query execution
2025-08-28 11:05:04.224 | INFO     | data_layer.tab_2:get_tab2_results:17 - Successfully connected to database: ExcelData on server: 192.168.0.45,1433
2025-08-28 11:05:04.225 | INFO     | data_layer.tab_2:get_tab2_results:28 - Executing query: q1
2025-08-28 11:05:04.639 | SUCCESS  | data_layer.tab_2:get_tab2_results:32 - Query q1 executed successfully. Rows returned: 5
2025-08-28 11:05:04.640 | INFO     | data_layer.tab_2:get_tab2_results:28 - Executing query: q2
2025-08-28 11:05:04.710 | SUCCESS  | data_layer.tab_2:get_tab2_results:32 - Query q2 executed successfully. Rows returned: 18
2025-08-28 11:05:04.711 | INFO     | data_layer.tab_2:get_tab2_results:28 - Executing query: q3
2025-08-28 11:05:04.787 | SUCCESS  | data_layer.tab_2:get_tab2_results:32 - Query q3 executed successfully. Rows returned: 55
2025-08-28 11:05:04.787 | INFO     | data_layer.tab_2:get_tab2_results:28 - Executing query: q4
2025-08-28 11:05:04.898 | SUCCESS  | data_layer.tab_2:get_tab2_results:32 - Query q4 executed successfully. Rows returned: 99
2025-08-28 11:05:04.898 | INFO     | data_layer.tab_2:get_tab2_results:39 - Query execution completed. Successful: 4, Failed: 0
2025-08-28 11:05:04.900 | INFO     | data_layer.tab_2:get_tab2_results:44 - Database connection closed successfully
2025-08-28 11:05:33.154 | INFO     | data_layer.tab_2:get_tab2_results:13 - Starting database connection and query execution
2025-08-28 11:05:33.155 | INFO     | data_layer.tab_2:get_tab2_results:17 - Successfully connected to database: ExcelData on server: 192.168.0.45,1433
2025-08-28 11:05:33.155 | INFO     | data_layer.tab_2:get_tab2_results:28 - Executing query: q1
2025-08-28 11:05:33.866 | SUCCESS  | data_layer.tab_2:get_tab2_results:32 - Query q1 executed successfully. Rows returned: 5
2025-08-28 11:05:33.867 | INFO     | data_layer.tab_2:get_tab2_results:28 - Executing query: q2
2025-08-28 11:05:33.929 | SUCCESS  | data_layer.tab_2:get_tab2_results:32 - Query q2 executed successfully. Rows returned: 18
2025-08-28 11:05:33.929 | INFO     | data_layer.tab_2:get_tab2_results:28 - Executing query: q3
2025-08-28 11:05:34.002 | SUCCESS  | data_layer.tab_2:get_tab2_results:32 - Query q3 executed successfully. Rows returned: 55
2025-08-28 11:05:34.003 | INFO     | data_layer.tab_2:get_tab2_results:28 - Executing query: q4
2025-08-28 11:05:34.088 | SUCCESS  | data_layer.tab_2:get_tab2_results:32 - Query q4 executed successfully. Rows returned: 99
2025-08-28 11:05:34.088 | INFO     | data_layer.tab_2:get_tab2_results:39 - Query execution completed. Successful: 4, Failed: 0
2025-08-28 11:05:34.089 | INFO     | data_layer.tab_2:get_tab2_results:44 - Database connection closed successfully
2025-08-28 11:05:50.111 | INFO     | data_layer.tab_2:get_tab2_results:13 - Starting database connection and query execution
2025-08-28 11:05:50.113 | INFO     | data_layer.tab_2:get_tab2_results:17 - Successfully connected to database: ExcelData on server: 192.168.0.45,1433
2025-08-28 11:05:50.113 | INFO     | data_layer.tab_2:get_tab2_results:28 - Executing query: q1
2025-08-28 11:05:50.300 | SUCCESS  | data_layer.tab_2:get_tab2_results:32 - Query q1 executed successfully. Rows returned: 5
2025-08-28 11:05:50.300 | INFO     | data_layer.tab_2:get_tab2_results:28 - Executing query: q2
2025-08-28 11:05:50.381 | SUCCESS  | data_layer.tab_2:get_tab2_results:32 - Query q2 executed successfully. Rows returned: 18
2025-08-28 11:05:50.382 | INFO     | data_layer.tab_2:get_tab2_results:28 - Executing query: q3
2025-08-28 11:05:50.513 | SUCCESS  | data_layer.tab_2:get_tab2_results:32 - Query q3 executed successfully. Rows returned: 55
2025-08-28 11:05:50.514 | INFO     | data_layer.tab_2:get_tab2_results:28 - Executing query: q4
2025-08-28 11:05:50.647 | SUCCESS  | data_layer.tab_2:get_tab2_results:32 - Query q4 executed successfully. Rows returned: 99
2025-08-28 11:05:50.648 | INFO     | data_layer.tab_2:get_tab2_results:39 - Query execution completed. Successful: 4, Failed: 0
2025-08-28 11:05:50.649 | INFO     | data_layer.tab_2:get_tab2_results:44 - Database connection closed successfully
2025-08-28 11:06:27.937 | INFO     | data_layer.tab_2:get_tab2_results:13 - Starting database connection and query execution
2025-08-28 11:06:27.937 | INFO     | data_layer.tab_2:get_tab2_results:17 - Successfully connected to database: ExcelData on server: 192.168.0.45,1433
2025-08-28 11:06:27.937 | INFO     | data_layer.tab_2:get_tab2_results:28 - Executing query: q1
2025-08-28 11:06:28.119 | SUCCESS  | data_layer.tab_2:get_tab2_results:32 - Query q1 executed successfully. Rows returned: 5
2025-08-28 11:06:28.120 | INFO     | data_layer.tab_2:get_tab2_results:28 - Executing query: q2
2025-08-28 11:06:28.195 | SUCCESS  | data_layer.tab_2:get_tab2_results:32 - Query q2 executed successfully. Rows returned: 18
2025-08-28 11:06:28.196 | INFO     | data_layer.tab_2:get_tab2_results:28 - Executing query: q3
2025-08-28 11:06:28.417 | SUCCESS  | data_layer.tab_2:get_tab2_results:32 - Query q3 executed successfully. Rows returned: 55
2025-08-28 11:06:28.417 | INFO     | data_layer.tab_2:get_tab2_results:28 - Executing query: q4
2025-08-28 11:06:28.562 | SUCCESS  | data_layer.tab_2:get_tab2_results:32 - Query q4 executed successfully. Rows returned: 99
2025-08-28 11:06:28.562 | INFO     | data_layer.tab_2:get_tab2_results:39 - Query execution completed. Successful: 4, Failed: 0
2025-08-28 11:06:28.563 | INFO     | data_layer.tab_2:get_tab2_results:44 - Database connection closed successfully
2025-08-28 11:06:50.483 | INFO     | data_layer.tab_2:get_tab2_results:13 - Starting database connection and query execution
2025-08-28 11:06:50.486 | INFO     | data_layer.tab_2:get_tab2_results:17 - Successfully connected to database: ExcelData on server: 192.168.0.45,1433
2025-08-28 11:06:50.486 | INFO     | data_layer.tab_2:get_tab2_results:28 - Executing query: q1
2025-08-28 11:06:50.742 | SUCCESS  | data_layer.tab_2:get_tab2_results:32 - Query q1 executed successfully. Rows returned: 5
2025-08-28 11:06:50.743 | INFO     | data_layer.tab_2:get_tab2_results:28 - Executing query: q2
2025-08-28 11:06:50.818 | SUCCESS  | data_layer.tab_2:get_tab2_results:32 - Query q2 executed successfully. Rows returned: 18
2025-08-28 11:06:50.819 | INFO     | data_layer.tab_2:get_tab2_results:28 - Executing query: q3
2025-08-28 11:06:50.896 | SUCCESS  | data_layer.tab_2:get_tab2_results:32 - Query q3 executed successfully. Rows returned: 55
2025-08-28 11:06:50.896 | INFO     | data_layer.tab_2:get_tab2_results:28 - Executing query: q4
2025-08-28 11:06:50.987 | SUCCESS  | data_layer.tab_2:get_tab2_results:32 - Query q4 executed successfully. Rows returned: 99
2025-08-28 11:06:50.988 | INFO     | data_layer.tab_2:get_tab2_results:39 - Query execution completed. Successful: 4, Failed: 0
2025-08-28 11:06:50.989 | INFO     | data_layer.tab_2:get_tab2_results:44 - Database connection closed successfully
2025-08-28 11:26:49.603 | INFO     | data_layer.tab_2:get_tab2_results:13 - Starting database connection and query execution
2025-08-28 11:26:49.605 | INFO     | data_layer.tab_2:get_tab2_results:17 - Successfully connected to database: ExcelData on server: 192.168.0.45,1433
2025-08-28 11:26:49.605 | INFO     | data_layer.tab_2:get_tab2_results:28 - Executing query: q1
2025-08-28 11:26:49.835 | SUCCESS  | data_layer.tab_2:get_tab2_results:32 - Query q1 executed successfully. Rows returned: 5
2025-08-28 11:26:49.836 | INFO     | data_layer.tab_2:get_tab2_results:28 - Executing query: q2
2025-08-28 11:26:49.966 | SUCCESS  | data_layer.tab_2:get_tab2_results:32 - Query q2 executed successfully. Rows returned: 18
2025-08-28 11:26:49.966 | INFO     | data_layer.tab_2:get_tab2_results:28 - Executing query: q3
2025-08-28 11:26:50.148 | SUCCESS  | data_layer.tab_2:get_tab2_results:32 - Query q3 executed successfully. Rows returned: 55
2025-08-28 11:26:50.148 | INFO     | data_layer.tab_2:get_tab2_results:28 - Executing query: q4
2025-08-28 11:26:50.244 | SUCCESS  | data_layer.tab_2:get_tab2_results:32 - Query q4 executed successfully. Rows returned: 99
2025-08-28 11:26:50.244 | INFO     | data_layer.tab_2:get_tab2_results:39 - Query execution completed. Successful: 4, Failed: 0
2025-08-28 11:26:50.245 | INFO     | data_layer.tab_2:get_tab2_results:44 - Database connection closed successfully
2025-08-28 11:49:43.018 | INFO     | data_layer.tab_2:get_tab2_results:13 - Starting database connection and query execution
2025-08-28 11:49:43.019 | INFO     | data_layer.tab_2:get_tab2_results:17 - Successfully connected to database: ExcelData on server: 192.168.0.45,1433
2025-08-28 11:49:43.019 | INFO     | data_layer.tab_2:get_tab2_results:28 - Executing query: q1
2025-08-28 11:49:43.237 | SUCCESS  | data_layer.tab_2:get_tab2_results:32 - Query q1 executed successfully. Rows returned: 5
2025-08-28 11:49:43.237 | INFO     | data_layer.tab_2:get_tab2_results:28 - Executing query: q2
2025-08-28 11:49:43.427 | SUCCESS  | data_layer.tab_2:get_tab2_results:32 - Query q2 executed successfully. Rows returned: 18
2025-08-28 11:49:43.427 | INFO     | data_layer.tab_2:get_tab2_results:28 - Executing query: q3
2025-08-28 11:49:43.564 | SUCCESS  | data_layer.tab_2:get_tab2_results:32 - Query q3 executed successfully. Rows returned: 55
2025-08-28 11:49:43.564 | INFO     | data_layer.tab_2:get_tab2_results:28 - Executing query: q4
2025-08-28 11:49:43.736 | SUCCESS  | data_layer.tab_2:get_tab2_results:32 - Query q4 executed successfully. Rows returned: 99
2025-08-28 11:49:43.737 | INFO     | data_layer.tab_2:get_tab2_results:39 - Query execution completed. Successful: 4, Failed: 0
2025-08-28 11:49:43.737 | INFO     | data_layer.tab_2:get_tab2_results:44 - Database connection closed successfully
2025-08-28 11:59:12.393 | INFO     | data_layer.tab_2:get_tab2_results:13 - Starting database connection and query execution
2025-08-28 11:59:12.394 | INFO     | data_layer.tab_2:get_tab2_results:17 - Successfully connected to database: ExcelData on server: 192.168.0.45,1433
2025-08-28 11:59:12.394 | INFO     | data_layer.tab_2:get_tab2_results:28 - Executing query: q1
2025-08-28 11:59:12.619 | SUCCESS  | data_layer.tab_2:get_tab2_results:32 - Query q1 executed successfully. Rows returned: 5
2025-08-28 11:59:12.620 | INFO     | data_layer.tab_2:get_tab2_results:28 - Executing query: q2
2025-08-28 11:59:12.701 | SUCCESS  | data_layer.tab_2:get_tab2_results:32 - Query q2 executed successfully. Rows returned: 18
2025-08-28 11:59:12.702 | INFO     | data_layer.tab_2:get_tab2_results:28 - Executing query: q3
2025-08-28 11:59:12.795 | SUCCESS  | data_layer.tab_2:get_tab2_results:32 - Query q3 executed successfully. Rows returned: 55
2025-08-28 11:59:12.796 | INFO     | data_layer.tab_2:get_tab2_results:28 - Executing query: q4
2025-08-28 11:59:12.933 | SUCCESS  | data_layer.tab_2:get_tab2_results:32 - Query q4 executed successfully. Rows returned: 99
2025-08-28 11:59:12.934 | INFO     | data_layer.tab_2:get_tab2_results:39 - Query execution completed. Successful: 4, Failed: 0
2025-08-28 11:59:12.935 | INFO     | data_layer.tab_2:get_tab2_results:44 - Database connection closed successfully
2025-08-28 11:59:41.965 | INFO     | data_layer.tab_2:get_tab2_results:13 - Starting database connection and query execution
2025-08-28 11:59:41.965 | INFO     | data_layer.tab_2:get_tab2_results:17 - Successfully connected to database: ExcelData on server: 192.168.0.45,1433
2025-08-28 11:59:41.965 | INFO     | data_layer.tab_2:get_tab2_results:28 - Executing query: q1
2025-08-28 11:59:42.164 | SUCCESS  | data_layer.tab_2:get_tab2_results:32 - Query q1 executed successfully. Rows returned: 5
2025-08-28 11:59:42.164 | INFO     | data_layer.tab_2:get_tab2_results:28 - Executing query: q2
2025-08-28 11:59:42.219 | SUCCESS  | data_layer.tab_2:get_tab2_results:32 - Query q2 executed successfully. Rows returned: 18
2025-08-28 11:59:42.219 | INFO     | data_layer.tab_2:get_tab2_results:28 - Executing query: q3
2025-08-28 11:59:42.289 | SUCCESS  | data_layer.tab_2:get_tab2_results:32 - Query q3 executed successfully. Rows returned: 55
2025-08-28 11:59:42.289 | INFO     | data_layer.tab_2:get_tab2_results:28 - Executing query: q4
2025-08-28 11:59:42.374 | SUCCESS  | data_layer.tab_2:get_tab2_results:32 - Query q4 executed successfully. Rows returned: 99
2025-08-28 11:59:42.375 | INFO     | data_layer.tab_2:get_tab2_results:39 - Query execution completed. Successful: 4, Failed: 0
2025-08-28 11:59:42.375 | INFO     | data_layer.tab_2:get_tab2_results:44 - Database connection closed successfully
2025-08-28 11:59:51.242 | INFO     | data_layer.tab_2:get_tab2_results:13 - Starting database connection and query execution
2025-08-28 11:59:51.242 | INFO     | data_layer.tab_2:get_tab2_results:17 - Successfully connected to database: ExcelData on server: 192.168.0.45,1433
2025-08-28 11:59:51.242 | INFO     | data_layer.tab_2:get_tab2_results:28 - Executing query: q1
2025-08-28 11:59:51.749 | SUCCESS  | data_layer.tab_2:get_tab2_results:32 - Query q1 executed successfully. Rows returned: 5
2025-08-28 11:59:51.750 | INFO     | data_layer.tab_2:get_tab2_results:28 - Executing query: q2
2025-08-28 11:59:51.838 | SUCCESS  | data_layer.tab_2:get_tab2_results:32 - Query q2 executed successfully. Rows returned: 18
2025-08-28 11:59:51.838 | INFO     | data_layer.tab_2:get_tab2_results:28 - Executing query: q3
2025-08-28 11:59:51.922 | SUCCESS  | data_layer.tab_2:get_tab2_results:32 - Query q3 executed successfully. Rows returned: 55
2025-08-28 11:59:51.923 | INFO     | data_layer.tab_2:get_tab2_results:28 - Executing query: q4
2025-08-28 11:59:52.025 | SUCCESS  | data_layer.tab_2:get_tab2_results:32 - Query q4 executed successfully. Rows returned: 99
2025-08-28 11:59:52.025 | INFO     | data_layer.tab_2:get_tab2_results:39 - Query execution completed. Successful: 4, Failed: 0
2025-08-28 11:59:52.026 | INFO     | data_layer.tab_2:get_tab2_results:44 - Database connection closed successfully
2025-08-28 12:00:00.278 | INFO     | data_layer.tab_2:get_tab2_results:13 - Starting database connection and query execution
2025-08-28 12:00:00.279 | INFO     | data_layer.tab_2:get_tab2_results:17 - Successfully connected to database: ExcelData on server: 192.168.0.45,1433
2025-08-28 12:00:00.279 | INFO     | data_layer.tab_2:get_tab2_results:28 - Executing query: q1
2025-08-28 12:00:00.449 | SUCCESS  | data_layer.tab_2:get_tab2_results:32 - Query q1 executed successfully. Rows returned: 5
2025-08-28 12:00:00.450 | INFO     | data_layer.tab_2:get_tab2_results:28 - Executing query: q2
2025-08-28 12:00:00.520 | SUCCESS  | data_layer.tab_2:get_tab2_results:32 - Query q2 executed successfully. Rows returned: 18
2025-08-28 12:00:00.520 | INFO     | data_layer.tab_2:get_tab2_results:28 - Executing query: q3
2025-08-28 12:00:00.604 | SUCCESS  | data_layer.tab_2:get_tab2_results:32 - Query q3 executed successfully. Rows returned: 55
2025-08-28 12:00:00.605 | INFO     | data_layer.tab_2:get_tab2_results:28 - Executing query: q4
2025-08-28 12:00:00.681 | SUCCESS  | data_layer.tab_2:get_tab2_results:32 - Query q4 executed successfully. Rows returned: 99
2025-08-28 12:00:00.681 | INFO     | data_layer.tab_2:get_tab2_results:39 - Query execution completed. Successful: 4, Failed: 0
2025-08-28 12:00:00.681 | INFO     | data_layer.tab_2:get_tab2_results:44 - Database connection closed successfully
2025-08-28 12:00:20.800 | INFO     | data_layer.tab_2:get_tab2_results:13 - Starting database connection and query execution
2025-08-28 12:00:20.801 | INFO     | data_layer.tab_2:get_tab2_results:17 - Successfully connected to database: ExcelData on server: 192.168.0.45,1433
2025-08-28 12:00:20.801 | INFO     | data_layer.tab_2:get_tab2_results:28 - Executing query: q1
2025-08-28 12:00:21.074 | SUCCESS  | data_layer.tab_2:get_tab2_results:32 - Query q1 executed successfully. Rows returned: 5
2025-08-28 12:00:21.074 | INFO     | data_layer.tab_2:get_tab2_results:28 - Executing query: q2
2025-08-28 12:00:21.139 | SUCCESS  | data_layer.tab_2:get_tab2_results:32 - Query q2 executed successfully. Rows returned: 18
2025-08-28 12:00:21.139 | INFO     | data_layer.tab_2:get_tab2_results:28 - Executing query: q3
2025-08-28 12:00:21.209 | SUCCESS  | data_layer.tab_2:get_tab2_results:32 - Query q3 executed successfully. Rows returned: 55
2025-08-28 12:00:21.209 | INFO     | data_layer.tab_2:get_tab2_results:28 - Executing query: q4
2025-08-28 12:00:21.304 | SUCCESS  | data_layer.tab_2:get_tab2_results:32 - Query q4 executed successfully. Rows returned: 99
2025-08-28 12:00:21.304 | INFO     | data_layer.tab_2:get_tab2_results:39 - Query execution completed. Successful: 4, Failed: 0
2025-08-28 12:00:21.305 | INFO     | data_layer.tab_2:get_tab2_results:44 - Database connection closed successfully
2025-08-28 12:00:23.631 | INFO     | data_layer.tab_2:get_tab2_results:13 - Starting database connection and query execution
2025-08-28 12:00:23.632 | INFO     | data_layer.tab_2:get_tab2_results:17 - Successfully connected to database: ExcelData on server: 192.168.0.45,1433
2025-08-28 12:00:23.632 | INFO     | data_layer.tab_2:get_tab2_results:28 - Executing query: q1
2025-08-28 12:00:23.804 | SUCCESS  | data_layer.tab_2:get_tab2_results:32 - Query q1 executed successfully. Rows returned: 5
2025-08-28 12:00:23.805 | INFO     | data_layer.tab_2:get_tab2_results:28 - Executing query: q2
2025-08-28 12:00:23.868 | SUCCESS  | data_layer.tab_2:get_tab2_results:32 - Query q2 executed successfully. Rows returned: 18
2025-08-28 12:00:23.868 | INFO     | data_layer.tab_2:get_tab2_results:28 - Executing query: q3
2025-08-28 12:00:23.945 | SUCCESS  | data_layer.tab_2:get_tab2_results:32 - Query q3 executed successfully. Rows returned: 55
2025-08-28 12:00:23.946 | INFO     | data_layer.tab_2:get_tab2_results:28 - Executing query: q4
2025-08-28 12:00:24.039 | SUCCESS  | data_layer.tab_2:get_tab2_results:32 - Query q4 executed successfully. Rows returned: 99
2025-08-28 12:00:24.039 | INFO     | data_layer.tab_2:get_tab2_results:39 - Query execution completed. Successful: 4, Failed: 0
2025-08-28 12:00:24.040 | INFO     | data_layer.tab_2:get_tab2_results:44 - Database connection closed successfully
2025-08-28 12:01:07.640 | INFO     | data_layer.tab_2:get_tab2_results:13 - Starting database connection and query execution
2025-08-28 12:01:07.640 | INFO     | data_layer.tab_2:get_tab2_results:17 - Successfully connected to database: ExcelData on server: 192.168.0.45,1433
2025-08-28 12:01:07.640 | INFO     | data_layer.tab_2:get_tab2_results:28 - Executing query: q1
2025-08-28 12:01:07.848 | SUCCESS  | data_layer.tab_2:get_tab2_results:32 - Query q1 executed successfully. Rows returned: 5
2025-08-28 12:01:07.848 | INFO     | data_layer.tab_2:get_tab2_results:28 - Executing query: q2
2025-08-28 12:01:07.925 | SUCCESS  | data_layer.tab_2:get_tab2_results:32 - Query q2 executed successfully. Rows returned: 18
2025-08-28 12:01:07.926 | INFO     | data_layer.tab_2:get_tab2_results:28 - Executing query: q3
2025-08-28 12:01:08.027 | SUCCESS  | data_layer.tab_2:get_tab2_results:32 - Query q3 executed successfully. Rows returned: 55
2025-08-28 12:01:08.028 | INFO     | data_layer.tab_2:get_tab2_results:28 - Executing query: q4
2025-08-28 12:01:08.132 | SUCCESS  | data_layer.tab_2:get_tab2_results:32 - Query q4 executed successfully. Rows returned: 99
2025-08-28 12:01:08.133 | INFO     | data_layer.tab_2:get_tab2_results:39 - Query execution completed. Successful: 4, Failed: 0
2025-08-28 12:01:08.134 | INFO     | data_layer.tab_2:get_tab2_results:44 - Database connection closed successfully
2025-08-28 12:01:27.621 | INFO     | data_layer.tab_2:get_tab2_results:13 - Starting database connection and query execution
2025-08-28 12:01:27.623 | INFO     | data_layer.tab_2:get_tab2_results:17 - Successfully connected to database: ExcelData on server: 192.168.0.45,1433
2025-08-28 12:01:27.623 | INFO     | data_layer.tab_2:get_tab2_results:28 - Executing query: q1
2025-08-28 12:01:27.821 | SUCCESS  | data_layer.tab_2:get_tab2_results:32 - Query q1 executed successfully. Rows returned: 5
2025-08-28 12:01:27.821 | INFO     | data_layer.tab_2:get_tab2_results:28 - Executing query: q2
2025-08-28 12:01:27.894 | SUCCESS  | data_layer.tab_2:get_tab2_results:32 - Query q2 executed successfully. Rows returned: 18
2025-08-28 12:01:27.894 | INFO     | data_layer.tab_2:get_tab2_results:28 - Executing query: q3
2025-08-28 12:01:27.965 | SUCCESS  | data_layer.tab_2:get_tab2_results:32 - Query q3 executed successfully. Rows returned: 55
2025-08-28 12:01:27.965 | INFO     | data_layer.tab_2:get_tab2_results:28 - Executing query: q4
2025-08-28 12:01:28.052 | SUCCESS  | data_layer.tab_2:get_tab2_results:32 - Query q4 executed successfully. Rows returned: 99
2025-08-28 12:01:28.052 | INFO     | data_layer.tab_2:get_tab2_results:39 - Query execution completed. Successful: 4, Failed: 0
2025-08-28 12:01:28.053 | INFO     | data_layer.tab_2:get_tab2_results:44 - Database connection closed successfully
2025-08-28 12:01:33.114 | INFO     | data_layer.tab_2:get_tab2_results:13 - Starting database connection and query execution
2025-08-28 12:01:33.116 | INFO     | data_layer.tab_2:get_tab2_results:17 - Successfully connected to database: ExcelData on server: 192.168.0.45,1433
2025-08-28 12:01:33.116 | INFO     | data_layer.tab_2:get_tab2_results:28 - Executing query: q1
2025-08-28 12:01:33.340 | SUCCESS  | data_layer.tab_2:get_tab2_results:32 - Query q1 executed successfully. Rows returned: 5
2025-08-28 12:01:33.340 | INFO     | data_layer.tab_2:get_tab2_results:28 - Executing query: q2
2025-08-28 12:01:33.396 | SUCCESS  | data_layer.tab_2:get_tab2_results:32 - Query q2 executed successfully. Rows returned: 18
2025-08-28 12:01:33.397 | INFO     | data_layer.tab_2:get_tab2_results:28 - Executing query: q3
2025-08-28 12:01:33.467 | SUCCESS  | data_layer.tab_2:get_tab2_results:32 - Query q3 executed successfully. Rows returned: 55
2025-08-28 12:01:33.467 | INFO     | data_layer.tab_2:get_tab2_results:28 - Executing query: q4
2025-08-28 12:01:33.547 | SUCCESS  | data_layer.tab_2:get_tab2_results:32 - Query q4 executed successfully. Rows returned: 99
2025-08-28 12:01:33.547 | INFO     | data_layer.tab_2:get_tab2_results:39 - Query execution completed. Successful: 4, Failed: 0
2025-08-28 12:01:33.548 | INFO     | data_layer.tab_2:get_tab2_results:44 - Database connection closed successfully
2025-08-28 12:03:33.416 | INFO     | data_layer.tab_2:get_tab2_results:13 - Starting database connection and query execution
2025-08-28 12:03:33.417 | INFO     | data_layer.tab_2:get_tab2_results:17 - Successfully connected to database: ExcelData on server: 192.168.0.45,1433
2025-08-28 12:03:33.417 | INFO     | data_layer.tab_2:get_tab2_results:28 - Executing query: q1
2025-08-28 12:03:34.086 | SUCCESS  | data_layer.tab_2:get_tab2_results:32 - Query q1 executed successfully. Rows returned: 5
2025-08-28 12:03:34.087 | INFO     | data_layer.tab_2:get_tab2_results:28 - Executing query: q2
2025-08-28 12:03:34.182 | SUCCESS  | data_layer.tab_2:get_tab2_results:32 - Query q2 executed successfully. Rows returned: 18
2025-08-28 12:03:34.182 | INFO     | data_layer.tab_2:get_tab2_results:28 - Executing query: q3
2025-08-28 12:03:34.457 | SUCCESS  | data_layer.tab_2:get_tab2_results:32 - Query q3 executed successfully. Rows returned: 55
2025-08-28 12:03:34.458 | INFO     | data_layer.tab_2:get_tab2_results:28 - Executing query: q4
2025-08-28 12:03:34.655 | SUCCESS  | data_layer.tab_2:get_tab2_results:32 - Query q4 executed successfully. Rows returned: 99
2025-08-28 12:03:34.656 | INFO     | data_layer.tab_2:get_tab2_results:39 - Query execution completed. Successful: 4, Failed: 0
2025-08-28 12:03:34.656 | INFO     | data_layer.tab_2:get_tab2_results:44 - Database connection closed successfully
2025-08-28 12:04:06.708 | INFO     | data_layer.tab_2:get_tab2_results:13 - Starting database connection and query execution
2025-08-28 12:04:06.709 | INFO     | data_layer.tab_2:get_tab2_results:17 - Successfully connected to database: ExcelData on server: 192.168.0.45,1433
2025-08-28 12:04:06.709 | INFO     | data_layer.tab_2:get_tab2_results:28 - Executing query: q1
2025-08-28 12:04:06.967 | SUCCESS  | data_layer.tab_2:get_tab2_results:32 - Query q1 executed successfully. Rows returned: 5
2025-08-28 12:04:06.967 | INFO     | data_layer.tab_2:get_tab2_results:28 - Executing query: q2
2025-08-28 12:04:07.032 | SUCCESS  | data_layer.tab_2:get_tab2_results:32 - Query q2 executed successfully. Rows returned: 18
2025-08-28 12:04:07.032 | INFO     | data_layer.tab_2:get_tab2_results:28 - Executing query: q3
2025-08-28 12:04:07.112 | SUCCESS  | data_layer.tab_2:get_tab2_results:32 - Query q3 executed successfully. Rows returned: 55
2025-08-28 12:04:07.113 | INFO     | data_layer.tab_2:get_tab2_results:28 - Executing query: q4
2025-08-28 12:04:07.242 | SUCCESS  | data_layer.tab_2:get_tab2_results:32 - Query q4 executed successfully. Rows returned: 99
2025-08-28 12:04:07.243 | INFO     | data_layer.tab_2:get_tab2_results:39 - Query execution completed. Successful: 4, Failed: 0
2025-08-28 12:04:07.243 | INFO     | data_layer.tab_2:get_tab2_results:44 - Database connection closed successfully
2025-08-28 12:04:28.386 | INFO     | data_layer.tab_2:get_tab2_results:13 - Starting database connection and query execution
2025-08-28 12:04:28.387 | INFO     | data_layer.tab_2:get_tab2_results:17 - Successfully connected to database: ExcelData on server: 192.168.0.45,1433
2025-08-28 12:04:28.387 | INFO     | data_layer.tab_2:get_tab2_results:28 - Executing query: q1
2025-08-28 12:04:28.991 | SUCCESS  | data_layer.tab_2:get_tab2_results:32 - Query q1 executed successfully. Rows returned: 5
2025-08-28 12:04:28.992 | INFO     | data_layer.tab_2:get_tab2_results:28 - Executing query: q2
2025-08-28 12:04:29.071 | SUCCESS  | data_layer.tab_2:get_tab2_results:32 - Query q2 executed successfully. Rows returned: 18
2025-08-28 12:04:29.072 | INFO     | data_layer.tab_2:get_tab2_results:28 - Executing query: q3
2025-08-28 12:04:29.160 | SUCCESS  | data_layer.tab_2:get_tab2_results:32 - Query q3 executed successfully. Rows returned: 55
2025-08-28 12:04:29.160 | INFO     | data_layer.tab_2:get_tab2_results:28 - Executing query: q4
2025-08-28 12:04:29.279 | SUCCESS  | data_layer.tab_2:get_tab2_results:32 - Query q4 executed successfully. Rows returned: 99
2025-08-28 12:04:29.280 | INFO     | data_layer.tab_2:get_tab2_results:39 - Query execution completed. Successful: 4, Failed: 0
2025-08-28 12:04:29.280 | INFO     | data_layer.tab_2:get_tab2_results:44 - Database connection closed successfully
2025-08-28 12:25:54.236 | INFO     | data_layer.tab_2:get_tab2_results:13 - Starting database connection and query execution
2025-08-28 12:25:54.236 | INFO     | data_layer.tab_2:get_tab2_results:17 - Successfully connected to database: ExcelData on server: 192.168.0.45,1433
2025-08-28 12:25:54.236 | INFO     | data_layer.tab_2:get_tab2_results:28 - Executing query: q1
2025-08-28 12:25:54.412 | SUCCESS  | data_layer.tab_2:get_tab2_results:32 - Query q1 executed successfully. Rows returned: 5
2025-08-28 12:25:54.413 | INFO     | data_layer.tab_2:get_tab2_results:28 - Executing query: q2
2025-08-28 12:25:54.489 | SUCCESS  | data_layer.tab_2:get_tab2_results:32 - Query q2 executed successfully. Rows returned: 18
2025-08-28 12:25:54.489 | INFO     | data_layer.tab_2:get_tab2_results:28 - Executing query: q3
2025-08-28 12:25:54.571 | SUCCESS  | data_layer.tab_2:get_tab2_results:32 - Query q3 executed successfully. Rows returned: 55
2025-08-28 12:25:54.571 | INFO     | data_layer.tab_2:get_tab2_results:28 - Executing query: q4
2025-08-28 12:25:54.708 | SUCCESS  | data_layer.tab_2:get_tab2_results:32 - Query q4 executed successfully. Rows returned: 99
2025-08-28 12:25:54.708 | INFO     | data_layer.tab_2:get_tab2_results:39 - Query execution completed. Successful: 4, Failed: 0
2025-08-28 12:25:54.709 | INFO     | data_layer.tab_2:get_tab2_results:44 - Database connection closed successfully
2025-08-28 12:26:07.035 | INFO     | data_layer.tab_2:get_tab2_results:13 - Starting database connection and query execution
2025-08-28 12:26:07.037 | INFO     | data_layer.tab_2:get_tab2_results:17 - Successfully connected to database: ExcelData on server: 192.168.0.45,1433
2025-08-28 12:26:07.037 | INFO     | data_layer.tab_2:get_tab2_results:28 - Executing query: q1
2025-08-28 12:26:07.676 | SUCCESS  | data_layer.tab_2:get_tab2_results:32 - Query q1 executed successfully. Rows returned: 5
2025-08-28 12:26:07.676 | INFO     | data_layer.tab_2:get_tab2_results:28 - Executing query: q2
2025-08-28 12:26:07.812 | SUCCESS  | data_layer.tab_2:get_tab2_results:32 - Query q2 executed successfully. Rows returned: 18
2025-08-28 12:26:07.812 | INFO     | data_layer.tab_2:get_tab2_results:28 - Executing query: q3
2025-08-28 12:26:08.010 | SUCCESS  | data_layer.tab_2:get_tab2_results:32 - Query q3 executed successfully. Rows returned: 55
2025-08-28 12:26:08.011 | INFO     | data_layer.tab_2:get_tab2_results:28 - Executing query: q4
2025-08-28 12:26:08.242 | SUCCESS  | data_layer.tab_2:get_tab2_results:32 - Query q4 executed successfully. Rows returned: 99
2025-08-28 12:26:08.243 | INFO     | data_layer.tab_2:get_tab2_results:39 - Query execution completed. Successful: 4, Failed: 0
2025-08-28 12:26:08.244 | INFO     | data_layer.tab_2:get_tab2_results:44 - Database connection closed successfully
2025-08-28 12:27:26.446 | INFO     | data_layer.tab_2:get_tab2_results:13 - Starting database connection and query execution
2025-08-28 12:27:26.447 | INFO     | data_layer.tab_2:get_tab2_results:17 - Successfully connected to database: ExcelData on server: 192.168.0.45,1433
2025-08-28 12:27:26.448 | INFO     | data_layer.tab_2:get_tab2_results:28 - Executing query: q1
2025-08-28 12:27:26.680 | SUCCESS  | data_layer.tab_2:get_tab2_results:32 - Query q1 executed successfully. Rows returned: 5
2025-08-28 12:27:26.680 | INFO     | data_layer.tab_2:get_tab2_results:28 - Executing query: q2
2025-08-28 12:27:26.769 | SUCCESS  | data_layer.tab_2:get_tab2_results:32 - Query q2 executed successfully. Rows returned: 18
2025-08-28 12:27:26.769 | INFO     | data_layer.tab_2:get_tab2_results:28 - Executing query: q3
2025-08-28 12:27:26.876 | SUCCESS  | data_layer.tab_2:get_tab2_results:32 - Query q3 executed successfully. Rows returned: 55
2025-08-28 12:27:26.876 | INFO     | data_layer.tab_2:get_tab2_results:28 - Executing query: q4
2025-08-28 12:27:26.976 | SUCCESS  | data_layer.tab_2:get_tab2_results:32 - Query q4 executed successfully. Rows returned: 99
2025-08-28 12:27:26.976 | INFO     | data_layer.tab_2:get_tab2_results:39 - Query execution completed. Successful: 4, Failed: 0
2025-08-28 12:27:26.977 | INFO     | data_layer.tab_2:get_tab2_results:44 - Database connection closed successfully
2025-08-28 12:31:22.022 | INFO     | data_layer.tab_2:get_tab2_results:13 - Starting database connection and query execution
2025-08-28 12:31:22.024 | INFO     | data_layer.tab_2:get_tab2_results:17 - Successfully connected to database: ExcelData on server: 192.168.0.45,1433
2025-08-28 12:31:22.024 | INFO     | data_layer.tab_2:get_tab2_results:28 - Executing query: q1
2025-08-28 12:31:22.260 | SUCCESS  | data_layer.tab_2:get_tab2_results:32 - Query q1 executed successfully. Rows returned: 5
2025-08-28 12:31:22.261 | INFO     | data_layer.tab_2:get_tab2_results:28 - Executing query: q2
2025-08-28 12:31:22.334 | SUCCESS  | data_layer.tab_2:get_tab2_results:32 - Query q2 executed successfully. Rows returned: 18
2025-08-28 12:31:22.335 | INFO     | data_layer.tab_2:get_tab2_results:28 - Executing query: q3
2025-08-28 12:31:22.445 | SUCCESS  | data_layer.tab_2:get_tab2_results:32 - Query q3 executed successfully. Rows returned: 55
2025-08-28 12:31:22.446 | INFO     | data_layer.tab_2:get_tab2_results:28 - Executing query: q4
2025-08-28 12:31:22.569 | SUCCESS  | data_layer.tab_2:get_tab2_results:32 - Query q4 executed successfully. Rows returned: 99
2025-08-28 12:31:22.569 | INFO     | data_layer.tab_2:get_tab2_results:39 - Query execution completed. Successful: 4, Failed: 0
2025-08-28 12:31:22.569 | INFO     | data_layer.tab_2:get_tab2_results:44 - Database connection closed successfully
2025-08-28 12:31:31.142 | INFO     | data_layer.tab_2:get_tab2_results:13 - Starting database connection and query execution
2025-08-28 12:31:31.144 | INFO     | data_layer.tab_2:get_tab2_results:17 - Successfully connected to database: ExcelData on server: 192.168.0.45,1433
2025-08-28 12:31:31.144 | INFO     | data_layer.tab_2:get_tab2_results:28 - Executing query: q1
2025-08-28 12:31:31.334 | SUCCESS  | data_layer.tab_2:get_tab2_results:32 - Query q1 executed successfully. Rows returned: 5
2025-08-28 12:31:31.335 | INFO     | data_layer.tab_2:get_tab2_results:28 - Executing query: q2
2025-08-28 12:31:31.401 | SUCCESS  | data_layer.tab_2:get_tab2_results:32 - Query q2 executed successfully. Rows returned: 18
2025-08-28 12:31:31.401 | INFO     | data_layer.tab_2:get_tab2_results:28 - Executing query: q3
2025-08-28 12:31:31.473 | SUCCESS  | data_layer.tab_2:get_tab2_results:32 - Query q3 executed successfully. Rows returned: 55
2025-08-28 12:31:31.474 | INFO     | data_layer.tab_2:get_tab2_results:28 - Executing query: q4
2025-08-28 12:31:31.560 | SUCCESS  | data_layer.tab_2:get_tab2_results:32 - Query q4 executed successfully. Rows returned: 99
2025-08-28 12:31:31.560 | INFO     | data_layer.tab_2:get_tab2_results:39 - Query execution completed. Successful: 4, Failed: 0
2025-08-28 12:31:31.561 | INFO     | data_layer.tab_2:get_tab2_results:44 - Database connection closed successfully
2025-08-28 12:31:41.355 | INFO     | data_layer.tab_2:get_tab2_results:13 - Starting database connection and query execution
2025-08-28 12:31:41.355 | INFO     | data_layer.tab_2:get_tab2_results:17 - Successfully connected to database: ExcelData on server: 192.168.0.45,1433
2025-08-28 12:31:41.355 | INFO     | data_layer.tab_2:get_tab2_results:28 - Executing query: q1
2025-08-28 12:31:41.541 | SUCCESS  | data_layer.tab_2:get_tab2_results:32 - Query q1 executed successfully. Rows returned: 5
2025-08-28 12:31:41.542 | INFO     | data_layer.tab_2:get_tab2_results:28 - Executing query: q2
2025-08-28 12:31:41.626 | SUCCESS  | data_layer.tab_2:get_tab2_results:32 - Query q2 executed successfully. Rows returned: 18
2025-08-28 12:31:41.627 | INFO     | data_layer.tab_2:get_tab2_results:28 - Executing query: q3
2025-08-28 12:31:41.728 | SUCCESS  | data_layer.tab_2:get_tab2_results:32 - Query q3 executed successfully. Rows returned: 55
2025-08-28 12:31:41.729 | INFO     | data_layer.tab_2:get_tab2_results:28 - Executing query: q4
2025-08-28 12:31:41.832 | SUCCESS  | data_layer.tab_2:get_tab2_results:32 - Query q4 executed successfully. Rows returned: 99
2025-08-28 12:31:41.832 | INFO     | data_layer.tab_2:get_tab2_results:39 - Query execution completed. Successful: 4, Failed: 0
2025-08-28 12:31:41.833 | INFO     | data_layer.tab_2:get_tab2_results:44 - Database connection closed successfully
